16:08:58.683 INFO  TRRACS -Suite : Test Suite Begins
16:08:58.717 INFO  TRRACS -Gathering Configuration Properties...
16:08:58.719 INFO  TRRACS -Successfully Gathered Configuration Properties...
16:08:58.720 INFO  TRRACS -Test : Test class Begins
16:08:58.720 INFO  TRRACS -Initialization Of Driver Factory Begins...
16:09:07.383 INFO  TRRACS -Thread Safe WebDriver Instance is Set...
16:09:07.530 INFO  TRRACS -Successfully Launched Local:Chrome
16:09:32.060 INFO  TRRACS -T001_openBOEClosure : Test Case Passed
16:09:32.061 INFO  TRRACS -T001_openBOEClosure : Test Case Ends
16:09:54.824 INFO  TRRACS -Suite : Test Suite Begins
16:09:54.828 INFO  TRRACS -Gathering Configuration Properties...
16:09:54.830 INFO  TRRACS -Successfully Gathered Configuration Properties...
16:09:54.832 INFO  TRRACS -Test : Test class Begins
16:09:54.832 INFO  TRRACS -Initialization Of Driver Factory Begins...
16:09:56.411 INFO  TRRACS -Thread Safe WebDriver Instance is Set...
16:09:56.525 INFO  TRRACS -Successfully Launched Local:Chrome
16:10:21.034 INFO  TRRACS -T001_openBOEClosure : Test Case Passed
16:10:21.037 INFO  TRRACS -T001_openBOEClosure : Test Case Ends
16:11:17.865 INFO  TRRACS -Suite : Test Suite Begins
16:11:17.870 INFO  TRRACS -Gathering Configuration Properties...
16:11:17.888 INFO  TRRACS -Successfully Gathered Configuration Properties...
16:11:17.890 INFO  TRRACS -Test : Test class Begins
16:11:17.890 INFO  TRRACS -Initialization Of Driver Factory Begins...
16:11:19.786 INFO  TRRACS -Thread Safe WebDriver Instance is Set...
16:11:19.910 INFO  TRRACS -Successfully Launched Local:Chrome
16:11:51.593 INFO  TRRACS -T001_openBOEClosure : Test Case Passed
16:11:51.595 INFO  TRRACS -T001_openBOEClosure : Test Case Ends
16:17:05.393 INFO  TRRACS -Suite : Test Suite Begins
16:17:05.398 INFO  TRRACS -Gathering Configuration Properties...
16:17:05.399 INFO  TRRACS -Successfully Gathered Configuration Properties...
16:17:05.401 INFO  TRRACS -Test : Test class Begins
16:17:05.401 INFO  TRRACS -Initialization Of Driver Factory Begins...
16:17:06.981 INFO  TRRACS -Thread Safe WebDriver Instance is Set...
16:17:07.097 INFO  TRRACS -Successfully Launched Local:Chrome
16:17:40.182 INFO  TRRACS -T001_openBOEClosure : Test Case Passed
16:17:40.185 INFO  TRRACS -T001_openBOEClosure : Test Case Ends
16:18:56.699 INFO  TRRACS -Suite : Test Suite Begins
16:18:56.703 INFO  TRRACS -Gathering Configuration Properties...
16:18:56.705 INFO  TRRACS -Successfully Gathered Configuration Properties...
16:18:56.706 INFO  TRRACS -Test : Test class Begins
16:18:56.706 INFO  TRRACS -Initialization Of Driver Factory Begins...
16:19:01.435 INFO  TRRACS -Thread Safe WebDriver Instance is Set...
16:19:01.556 INFO  TRRACS -Successfully Launched Local:Chrome
16:19:31.811 INFO  TRRACS -T001_openBOEExtension : Test Case Passed
16:19:31.814 INFO  TRRACS -T001_openBOEExtension : Test Case Ends
16:19:31.907 INFO  TRRACS -T001_openBOEClosure : Test Case Failed
16:19:31.910 INFO  TRRACS -T001_openBOEClosure : Test Case Failed
16:21:01.518 INFO  TRRACS -Suite : Test Suite Begins
16:21:01.523 INFO  TRRACS -Gathering Configuration Properties...
16:21:01.525 INFO  TRRACS -Successfully Gathered Configuration Properties...
16:21:01.526 INFO  TRRACS -Test : Test class Begins
16:21:01.526 INFO  TRRACS -Initialization Of Driver Factory Begins...
16:21:03.282 INFO  TRRACS -Thread Safe WebDriver Instance is Set...
16:21:03.399 INFO  TRRACS -Successfully Launched Local:Chrome
16:21:20.209 INFO  TRRACS -T001_openBOEExtension : Test Case Failed
16:21:20.211 INFO  TRRACS -T001_openBOEExtension : Test Case Failed
16:21:24.558 INFO  TRRACS -T001_openBOEClosure : Test Case Passed
16:21:24.560 INFO  TRRACS -T001_openBOEClosure : Test Case Ends
16:22:39.344 INFO  TRRACS -Suite : Test Suite Begins
16:22:39.349 INFO  TRRACS -Gathering Configuration Properties...
16:22:39.351 INFO  TRRACS -Successfully Gathered Configuration Properties...
16:22:39.352 INFO  TRRACS -Test : Test class Begins
16:22:39.352 INFO  TRRACS -Initialization Of Driver Factory Begins...
16:22:41.059 INFO  TRRACS -Thread Safe WebDriver Instance is Set...
16:22:41.186 INFO  TRRACS -Successfully Launched Local:Chrome
16:22:53.317 INFO  TRRACS -T001_openBOEExtension : Test Case Failed
16:22:53.317 INFO  TRRACS -T001_openBOEClosure : Test Case Failed
16:22:53.317 INFO  TRRACS -T001_openBOEExtension : Test Case Failed
16:22:53.318 INFO  TRRACS -T001_openBOEClosure : Test Case Failed
16:23:53.155 INFO  TRRACS -Suite : Test Suite Begins
16:23:53.159 INFO  TRRACS -Gathering Configuration Properties...
16:23:53.161 INFO  TRRACS -Successfully Gathered Configuration Properties...
16:23:53.162 INFO  TRRACS -Test : Test class Begins
16:23:53.162 INFO  TRRACS -Initialization Of Driver Factory Begins...
16:23:54.760 INFO  TRRACS -Thread Safe WebDriver Instance is Set...
16:23:54.881 INFO  TRRACS -Successfully Launched Local:Chrome
16:24:10.689 INFO  TRRACS -T001_openBOEClosure : Test Case Failed
16:24:10.692 INFO  TRRACS -T001_openBOEClosure : Test Case Failed
16:24:14.727 INFO  TRRACS -T001_openBOEExtension : Test Case Passed
16:24:14.729 INFO  TRRACS -T001_openBOEExtension : Test Case Ends
17:00:28.163 INFO  TRRACS -Suite : Test Suite Begins
17:00:28.167 INFO  TRRACS -Gathering Configuration Properties...
17:00:28.169 INFO  TRRACS -Successfully Gathered Configuration Properties...
17:00:28.170 INFO  TRRACS -Test : Test class Begins
17:00:28.171 INFO  TRRACS -Initialization Of Driver Factory Begins...
17:00:33.081 INFO  TRRACS -Thread Safe WebDriver Instance is Set...
17:00:33.198 INFO  TRRACS -Successfully Launched Local:Chrome
17:00:55.508 INFO  TRRACS -Test : Test class Begins
17:00:55.508 INFO  TRRACS -Test : Test class Begins
17:00:55.508 INFO  TRRACS -Initialization Of Driver Factory Begins...
17:00:55.508 INFO  TRRACS -Initialization Of Driver Factory Begins...
17:00:56.953 INFO  TRRACS -Thread Safe WebDriver Instance is Set...
17:00:57.033 INFO  TRRACS -Thread Safe WebDriver Instance is Set...
17:00:57.097 INFO  TRRACS -Successfully Launched Local:Chrome
17:00:57.161 INFO  TRRACS -Successfully Launched Local:Chrome
17:01:26.427 INFO  TRRACS -T001_openBOEClosure : Test Case Passed
17:01:26.428 INFO  TRRACS -T001_openBOEClosure : Test Case Ends
17:01:37.850 INFO  TRRACS -T001_openBOEExtension : Test Case Passed
17:01:37.851 INFO  TRRACS -T001_openBOEExtension : Test Case Ends
18:40:09.655 INFO  TRRACS -Suite : Test Suite Begins
18:40:09.661 INFO  TRRACS -Gathering Configuration Properties...
18:40:09.663 INFO  TRRACS -Successfully Gathered Configuration Properties...
18:40:09.665 INFO  TRRACS -Test : Test class Begins
18:40:09.665 INFO  TRRACS -Initialization Of Driver Factory Begins...
18:40:16.433 INFO  TRRACS -Thread Safe WebDriver Instance is Set...
18:40:16.552 INFO  TRRACS -Successfully Launched Local:Chrome
18:40:38.485 INFO  TRRACS -Test : Test class Begins
18:40:38.485 INFO  TRRACS -Test : Test class Begins
18:40:38.485 INFO  TRRACS -Initialization Of Driver Factory Begins...
18:40:38.485 INFO  TRRACS -Initialization Of Driver Factory Begins...
18:40:39.915 INFO  TRRACS -Thread Safe WebDriver Instance is Set...
18:40:40.101 INFO  TRRACS -Successfully Launched Local:Chrome
18:40:40.103 INFO  TRRACS -Thread Safe WebDriver Instance is Set...
18:40:40.245 INFO  TRRACS -Successfully Launched Local:Chrome
18:53:53.878 INFO  TRRACS -Suite : Test Suite Begins
18:54:01.567 INFO  TRRACS -Gathering Configuration Properties...
18:54:01.578 INFO  TRRACS -Successfully Gathered Configuration Properties...
18:54:01.584 INFO  TRRACS -Test : Test class Begins
18:54:09.943 INFO  TRRACS -Initialization Of Driver Factory Begins...
18:54:11.763 INFO  TRRACS -Thread Safe WebDriver Instance is Set...
18:54:11.888 INFO  TRRACS -Successfully Launched Local:Chrome
18:54:26.275 INFO  TRRACS -Test : Test class Begins
18:54:26.275 INFO  TRRACS -Test : Test class Begins
18:54:53.756 INFO  TRRACS -Initialization Of Driver Factory Begins...
18:54:55.045 INFO  TRRACS -Thread Safe WebDriver Instance is Set...
18:54:55.164 INFO  TRRACS -Successfully Launched Local:Chrome
18:56:12.584 INFO  TRRACS -Initialization Of Driver Factory Begins...
18:56:17.247 INFO  TRRACS -Thread Safe WebDriver Instance is Set...
18:56:17.535 INFO  TRRACS -Successfully Launched Local:Chrome
18:56:26.778 INFO  TRRACS -T001_openBOEExtension : Test Case Passed
18:56:26.784 INFO  TRRACS -T001_openBOEExtension : Test Case Ends
18:56:54.059 INFO  TRRACS -T001_openBOEClosure : Test Case Passed
18:56:54.060 INFO  TRRACS -T001_openBOEClosure : Test Case Ends
19:06:12.304 INFO  TRRACS -Suite : Test Suite Begins
19:06:12.308 INFO  TRRACS -Gathering Configuration Properties...
19:06:12.310 INFO  TRRACS -Successfully Gathered Configuration Properties...
19:06:12.311 INFO  TRRACS -Test : Test class Begins
19:06:12.311 INFO  TRRACS -Initialization Of Driver Factory Begins...
19:06:17.092 INFO  TRRACS -Thread Safe WebDriver Instance is Set...
19:06:17.219 INFO  TRRACS -Successfully Launched Local:Chrome
19:06:33.506 INFO  TRRACS -Suite : Test Suite Begins
19:06:36.413 INFO  TRRACS -Gathering Configuration Properties...
19:06:36.421 INFO  TRRACS -Successfully Gathered Configuration Properties...
19:07:18.667 INFO  TRRACS -Test : Test class Begins
19:07:21.182 INFO  TRRACS -Initialization Of Driver Factory Begins...
19:07:22.891 INFO  TRRACS -Thread Safe WebDriver Instance is Set...
19:07:23.012 INFO  TRRACS -Successfully Launched Local:Chrome
19:07:58.345 INFO  TRRACS -Test : Test class Begins
19:08:00.376 INFO  TRRACS -Initialization Of Driver Factory Begins...
19:08:01.540 INFO  TRRACS -Thread Safe WebDriver Instance is Set...
19:08:01.653 INFO  TRRACS -Successfully Launched Local:Chrome
19:09:34.608 INFO  TRRACS -Suite : Test Suite Begins
19:09:34.613 INFO  TRRACS -Gathering Configuration Properties...
19:09:34.615 INFO  TRRACS -Successfully Gathered Configuration Properties...
19:09:34.616 INFO  TRRACS -Test : Test class Begins
19:09:34.616 INFO  TRRACS -Initialization Of Driver Factory Begins...
19:09:40.821 INFO  TRRACS -Thread Safe WebDriver Instance is Set...
19:09:40.944 INFO  TRRACS -Successfully Launched Local:Chrome
19:10:03.136 INFO  TRRACS -T001_openBOEClosure : Test Case Passed
19:10:03.139 INFO  TRRACS -T001_openBOEClosure : Test Case Ends
19:10:03.591 INFO  TRRACS -T001_openBOEExtension : Test Case Passed
19:10:03.592 INFO  TRRACS -T001_openBOEExtension : Test Case Ends
19:11:37.933 INFO  TRRACS -Test : Test class Begins
19:11:42.180 INFO  TRRACS -Initialization Of Driver Factory Begins...
19:11:43.477 INFO  TRRACS -Thread Safe WebDriver Instance is Set...
19:11:43.723 INFO  TRRACS -Successfully Launched Local:Chrome
19:12:22.698 INFO  TRRACS -T001_openBOEExtension : Test Case Passed
19:12:22.700 INFO  TRRACS -T001_openBOEExtension : Test Case Ends
19:12:24.942 INFO  TRRACS -T001_openBOEClosure : Test Case Passed
19:12:24.943 INFO  TRRACS -T001_openBOEClosure : Test Case Ends
19:13:13.555 INFO  TRRACS -Suite : Test Suite Begins
19:13:15.695 INFO  TRRACS -Gathering Configuration Properties...
19:13:15.704 INFO  TRRACS -Successfully Gathered Configuration Properties...
19:13:34.718 INFO  TRRACS -Test : Test class Begins
19:13:59.292 INFO  TRRACS -Initialization Of Driver Factory Begins...
19:14:01.053 INFO  TRRACS -Thread Safe WebDriver Instance is Set...
19:14:01.169 INFO  TRRACS -Successfully Launched Local:Chrome
