12:31:50.677 INFO  TRRACS -Suite : Test Suite Begins
12:31:50.721 INFO  TRRACS -Gathering Configuration Properties...
12:31:50.732 INFO  TRRACS -Successfully Gathered Configuration Properties...
12:31:50.738 INFO  TRRACS -BOE Test : Test Begins
12:31:50.738 INFO  TRRACS -Initialization Of Driver Factory Begins...
12:31:55.332 INFO  TRRACS -Thread Safe WebDriver Instance is Set...
12:31:55.465 INFO  TRRACS -Successfully Launched Local:Chrome
12:32:23.650 INFO  TRRACS -T001_openBOEExtension : Test Case Skipped
12:32:23.727 INFO  TRRACS -BOE Test : Test Ends
12:38:30.898 INFO  TRRACS -Suite : Test Suite Begins
12:38:30.902 INFO  TRRACS -Gathering Configuration Properties...
12:38:30.904 INFO  TRRACS -Successfully Gathered Configuration Properties...
12:38:30.908 INFO  TRRACS -BOE Test : Test Begins
12:38:30.908 INFO  TRRACS -Initialization Of Driver Factory Begins...
12:38:35.627 INFO  TRRACS -Thread Safe WebDriver Instance is Set...
12:38:35.748 INFO  TRRACS -Successfully Launched Local:Chrome
12:47:09.721 INFO  TRRACS -Suite : Test Suite Begins
12:47:09.725 INFO  TRRACS -Gathering Configuration Properties...
12:47:09.727 INFO  TRRACS -Successfully Gathered Configuration Properties...
12:47:09.730 INFO  TRRACS -BOE Test : Test Begins
12:47:09.730 INFO  TRRACS -Initialization Of Driver Factory Begins...
12:47:12.110 INFO  TRRACS -Thread Safe WebDriver Instance is Set...
12:47:12.238 INFO  TRRACS -Successfully Launched Local:Chrome
12:47:40.264 INFO  TRRACS -T001_openBOEExtension : Test Case Passed
12:47:44.435 INFO  TRRACS -T002_checkAutofillToDate : Test Case Passed
12:47:44.455 INFO  TRRACS -BOE Test : Test Ends
12:49:15.748 INFO  TRRACS -Suite : Test Suite Begins
12:49:15.753 INFO  TRRACS -Gathering Configuration Properties...
12:49:15.755 INFO  TRRACS -Successfully Gathered Configuration Properties...
12:49:15.758 INFO  TRRACS -BOE Test : Test Begins
12:49:15.758 INFO  TRRACS -Initialization Of Driver Factory Begins...
12:49:17.386 INFO  TRRACS -Thread Safe WebDriver Instance is Set...
12:49:17.532 INFO  TRRACS -Successfully Launched Local:Chrome
12:49:39.057 INFO  TRRACS -T001_openBOEExtension : Test Case Passed
12:49:43.858 INFO  TRRACS -T002_checkAutofillToDate : Test Case Passed
12:49:43.887 INFO  TRRACS -BOE Test : Test Ends
12:49:53.376 INFO  TRRACS -Suite : Test Suite Begins
12:49:53.381 INFO  TRRACS -Gathering Configuration Properties...
12:49:53.383 INFO  TRRACS -Successfully Gathered Configuration Properties...
12:49:53.387 INFO  TRRACS -BOE Test : Test Begins
12:49:53.387 INFO  TRRACS -Initialization Of Driver Factory Begins...
12:49:55.024 INFO  TRRACS -Thread Safe WebDriver Instance is Set...
12:49:55.142 INFO  TRRACS -Successfully Launched Local:Chrome
12:50:16.605 INFO  TRRACS -T001_openBOEExtension : Test Case Passed
12:50:20.705 INFO  TRRACS -T002_checkAutofillToDate : Test Case Passed
12:50:20.721 INFO  TRRACS -BOE Test : Test Ends
12:53:29.103 INFO  TRRACS -Suite : Test Suite Begins
12:53:29.108 INFO  TRRACS -Gathering Configuration Properties...
12:53:29.110 INFO  TRRACS -Successfully Gathered Configuration Properties...
12:53:29.113 INFO  TRRACS -BOE Test : Test Begins
12:53:29.113 INFO  TRRACS -Initialization Of Driver Factory Begins...
12:53:31.273 INFO  TRRACS -Thread Safe WebDriver Instance is Set...
12:53:31.401 INFO  TRRACS -Successfully Launched Local:Chrome
12:53:47.687 INFO  TRRACS -T001_openBOEExtension : Test Case Failed
12:53:48.229 INFO  TRRACS -T002_checkAutofillToDate : Test Case Passed
12:53:48.241 INFO  TRRACS -BOE Test : Test Ends
12:54:37.047 INFO  TRRACS -Suite : Test Suite Begins
12:54:37.051 INFO  TRRACS -Gathering Configuration Properties...
12:54:37.053 INFO  TRRACS -Successfully Gathered Configuration Properties...
12:54:37.057 INFO  TRRACS -BOE Test : Test Begins
12:54:37.057 INFO  TRRACS -Initialization Of Driver Factory Begins...
12:54:38.667 INFO  TRRACS -Thread Safe WebDriver Instance is Set...
12:54:38.791 INFO  TRRACS -Successfully Launched Local:Chrome
12:54:59.856 INFO  TRRACS -T001_openBOEExtension : Test Case Failed
12:55:00.228 INFO  TRRACS -T002_checkAutofillToDate : Test Case Passed
12:55:00.239 INFO  TRRACS -BOE Test : Test Ends
12:56:51.472 INFO  TRRACS -Suite : Test Suite Begins
12:56:51.488 INFO  TRRACS -Gathering Configuration Properties...
12:56:51.488 INFO  TRRACS -Successfully Gathered Configuration Properties...
12:56:51.488 INFO  TRRACS -BOE Test : Test Begins
12:56:51.488 INFO  TRRACS -Initialization Of Driver Factory Begins...
12:56:53.093 INFO  TRRACS -Thread Safe WebDriver Instance is Set...
12:56:53.208 INFO  TRRACS -Successfully Launched Local:Chrome
12:57:17.884 INFO  TRRACS -T001_openBOEExtension : Test Case Failed
12:57:18.241 INFO  TRRACS -T002_checkAutofillToDate : Test Case Passed
12:57:18.257 INFO  TRRACS -BOE Test : Test Ends
12:57:38.059 INFO  TRRACS -Suite : Test Suite Begins
12:57:38.059 INFO  TRRACS -Gathering Configuration Properties...
12:57:38.059 INFO  TRRACS -Successfully Gathered Configuration Properties...
12:57:38.059 INFO  TRRACS -BOE Test : Test Begins
12:57:38.059 INFO  TRRACS -Initialization Of Driver Factory Begins...
12:57:39.620 INFO  TRRACS -Thread Safe WebDriver Instance is Set...
12:57:39.739 INFO  TRRACS -Successfully Launched Local:Chrome
12:58:17.866 INFO  TRRACS -T001_openBOEExtension : Test Case Passed
12:58:24.291 INFO  TRRACS -T002_checkAutofillToDate : Test Case Passed
12:58:24.292 INFO  TRRACS -BOE Test : Test Ends
13:02:04.079 INFO  TRRACS -Suite : Test Suite Begins
13:02:04.083 INFO  TRRACS -Gathering Configuration Properties...
13:02:04.085 INFO  TRRACS -Successfully Gathered Configuration Properties...
13:02:04.088 INFO  TRRACS -BOE Test : Test Begins
13:02:04.089 INFO  TRRACS -Initialization Of Driver Factory Begins...
13:02:05.733 INFO  TRRACS -Thread Safe WebDriver Instance is Set...
13:02:05.857 INFO  TRRACS -Successfully Launched Local:Chrome
13:02:57.338 INFO  TRRACS -T001_openBOEExtension : Test Case Passed
13:03:03.706 INFO  TRRACS -T002_checkAutofillToDate : Test Case Passed
13:03:03.736 INFO  TRRACS -BOE Test : Test Ends
13:03:37.252 INFO  TRRACS -Suite : Test Suite Begins
13:03:37.256 INFO  TRRACS -Gathering Configuration Properties...
13:03:37.258 INFO  TRRACS -Successfully Gathered Configuration Properties...
13:03:37.262 INFO  TRRACS -BOE Test : Test Begins
13:03:37.262 INFO  TRRACS -Initialization Of Driver Factory Begins...
13:03:38.861 INFO  TRRACS -Thread Safe WebDriver Instance is Set...
13:03:38.980 INFO  TRRACS -Successfully Launched Local:Chrome
13:04:17.173 INFO  TRRACS -T001_openBOEExtension : Test Case Passed
13:04:23.531 INFO  TRRACS -T002_checkAutofillToDate : Test Case Passed
13:04:23.557 INFO  TRRACS -BOE Test : Test Ends
14:22:18.422 INFO  TRRACS -Suite : Test Suite Begins
14:22:18.427 INFO  TRRACS -Gathering Configuration Properties...
14:22:18.428 INFO  TRRACS -Successfully Gathered Configuration Properties...
14:22:18.432 INFO  TRRACS -BOE Test : Test Begins
14:22:18.432 INFO  TRRACS -Initialization Of Driver Factory Begins...
14:22:20.001 INFO  TRRACS -Thread Safe WebDriver Instance is Set...
14:22:20.122 INFO  TRRACS -Successfully Launched Local:Chrome
14:22:50.109 INFO  TRRACS -T001_openBOEExtension : Test Case Passed
14:22:56.536 INFO  TRRACS -T002_checkAutofillToDate : Test Case Passed
14:22:56.550 INFO  TRRACS -BOE Test : Test Ends
14:23:56.813 INFO  TRRACS -Suite : Test Suite Begins
14:23:56.818 INFO  TRRACS -Gathering Configuration Properties...
14:23:56.820 INFO  TRRACS -Successfully Gathered Configuration Properties...
14:23:56.823 INFO  TRRACS -BOE Test : Test Begins
14:23:56.824 INFO  TRRACS -Initialization Of Driver Factory Begins...
14:23:58.403 INFO  TRRACS -Thread Safe WebDriver Instance is Set...
14:23:58.519 INFO  TRRACS -Successfully Launched Local:Chrome
14:24:30.501 INFO  TRRACS -T001_openBOEExtension : Test Case Passed
14:24:36.923 INFO  TRRACS -T002_checkAutofillToDate : Test Case Passed
14:24:36.957 INFO  TRRACS -BOE Test : Test Ends
14:28:31.661 INFO  TRRACS -Suite : Test Suite Begins
14:28:31.677 INFO  TRRACS -Gathering Configuration Properties...
14:28:31.677 INFO  TRRACS -Successfully Gathered Configuration Properties...
14:28:31.677 INFO  TRRACS -BOE Test : Test Begins
14:28:31.677 INFO  TRRACS -Initialization Of Driver Factory Begins...
14:28:33.342 INFO  TRRACS -Thread Safe WebDriver Instance is Set...
14:28:33.464 INFO  TRRACS -Successfully Launched Local:Chrome
14:29:05.840 INFO  TRRACS -T001_openBOEExtension : Test Case Passed
14:29:12.234 INFO  TRRACS -T002_checkAutofillToDate : Test Case Passed
14:29:12.255 INFO  TRRACS -BOE Test : Test Ends
14:34:27.629 INFO  TRRACS -Suite : Test Suite Begins
14:34:28.424 INFO  TRRACS -Gathering Configuration Properties...
14:34:28.434 INFO  TRRACS -Successfully Gathered Configuration Properties...
14:34:29.357 INFO  TRRACS -BOE Test : Test Begins
14:34:30.201 INFO  TRRACS -Initialization Of Driver Factory Begins...
14:34:31.820 INFO  TRRACS -Thread Safe WebDriver Instance is Set...
14:34:31.943 INFO  TRRACS -Successfully Launched Local:Chrome
14:40:04.144 INFO  TRRACS -Suite : Test Suite Begins
14:40:04.148 INFO  TRRACS -Gathering Configuration Properties...
14:40:04.150 INFO  TRRACS -Successfully Gathered Configuration Properties...
14:40:04.154 INFO  TRRACS -BOE Test : Test Begins
14:40:04.154 INFO  TRRACS -Initialization Of Driver Factory Begins...
14:40:06.526 INFO  TRRACS -Thread Safe WebDriver Instance is Set...
14:40:06.647 INFO  TRRACS -Successfully Launched Local:Chrome
14:43:01.597 INFO  TRRACS -Suite : Test Suite Begins
14:43:01.602 INFO  TRRACS -Gathering Configuration Properties...
14:43:01.604 INFO  TRRACS -Successfully Gathered Configuration Properties...
14:43:01.607 INFO  TRRACS -BOE Test : Test Begins
14:43:01.608 INFO  TRRACS -Initialization Of Driver Factory Begins...
14:43:05.244 INFO  TRRACS -Thread Safe WebDriver Instance is Set...
14:43:05.369 INFO  TRRACS -Successfully Launched Local:Chrome
14:43:42.282 INFO  TRRACS -T001_openBOEExtension : Test Case Failed
14:43:43.153 INFO  TRRACS -T002_checkAutofillToDate : Test Case Passed
14:43:43.165 INFO  TRRACS -BOE Test : Test Ends
14:45:09.212 INFO  TRRACS -Suite : Test Suite Begins
14:45:09.228 INFO  TRRACS -Gathering Configuration Properties...
14:45:09.228 INFO  TRRACS -Successfully Gathered Configuration Properties...
14:45:09.228 INFO  TRRACS -BOE Test : Test Begins
14:45:09.228 INFO  TRRACS -Initialization Of Driver Factory Begins...
14:45:10.909 INFO  TRRACS -Thread Safe WebDriver Instance is Set...
14:45:11.034 INFO  TRRACS -Successfully Launched Local:Chrome
14:45:39.315 INFO  TRRACS -T001_openBOEExtension : Test Case Passed
14:45:52.279 INFO  TRRACS -T002_checkAutofillToDate : Test Case Passed
14:45:52.310 INFO  TRRACS -BOE Test : Test Ends
14:56:30.690 INFO  TRRACS -Suite : Test Suite Begins
14:56:30.706 INFO  TRRACS -Gathering Configuration Properties...
14:56:30.706 INFO  TRRACS -Successfully Gathered Configuration Properties...
14:56:30.706 INFO  TRRACS -BOE Test : Test Begins
14:56:30.706 INFO  TRRACS -Initialization Of Driver Factory Begins...
14:56:32.348 INFO  TRRACS -Thread Safe WebDriver Instance is Set...
14:56:32.464 INFO  TRRACS -Successfully Launched Local:Chrome
14:57:04.643 INFO  TRRACS -T001_openBOEExtension : Test Case Passed
14:57:17.654 INFO  TRRACS -T002_checkAutofillToDate : Test Case Passed
14:57:30.768 INFO  TRRACS -T003_searchByBOEnumber : Test Case Passed
14:57:30.779 INFO  TRRACS -BOE Test : Test Ends
15:01:42.800 INFO  TRRACS -Suite : Test Suite Begins
15:01:42.800 INFO  TRRACS -Gathering Configuration Properties...
15:01:42.800 INFO  TRRACS -Successfully Gathered Configuration Properties...
15:01:42.800 INFO  TRRACS -BOE Test : Test Begins
15:01:42.800 INFO  TRRACS -Initialization Of Driver Factory Begins...
15:01:44.346 INFO  TRRACS -Thread Safe WebDriver Instance is Set...
15:01:44.461 INFO  TRRACS -Successfully Launched Local:Chrome
15:02:21.201 INFO  TRRACS -T001_openBOEExtension : Test Case Passed
15:02:34.115 INFO  TRRACS -T002_checkAutofillToDate : Test Case Passed
15:02:47.216 INFO  TRRACS -T003_searchByBOEnumber : Test Case Passed
15:02:52.464 INFO  TRRACS -T004_checkAdCodeAutoDisable : Test Case Passed
15:02:52.606 INFO  TRRACS -T005_uploadBOEFile : Test Case Passed
15:02:52.606 INFO  TRRACS -BOE Test : Test Ends
15:05:14.402 INFO  TRRACS -Suite : Test Suite Begins
15:05:14.402 INFO  TRRACS -Gathering Configuration Properties...
15:05:14.402 INFO  TRRACS -Successfully Gathered Configuration Properties...
15:05:14.402 INFO  TRRACS -BOE Test : Test Begins
15:05:14.402 INFO  TRRACS -Initialization Of Driver Factory Begins...
15:05:16.045 INFO  TRRACS -Thread Safe WebDriver Instance is Set...
15:05:16.169 INFO  TRRACS -Successfully Launched Local:Chrome
15:05:53.237 INFO  TRRACS -T001_openBOEExtension : Test Case Passed
15:06:06.226 INFO  TRRACS -T002_checkAutofillToDate : Test Case Passed
15:06:19.359 INFO  TRRACS -T003_searchByBOEnumber : Test Case Passed
15:06:24.629 INFO  TRRACS -T004_checkAdCodeAutoDisable : Test Case Passed
15:06:28.804 INFO  TRRACS -T005_uploadBOEFile : Test Case Passed
15:06:28.807 INFO  TRRACS -BOE Test : Test Ends
16:02:24.868 INFO  TRRACS -Suite : Test Suite Begins
16:02:24.884 INFO  TRRACS -Gathering Configuration Properties...
16:02:24.884 INFO  TRRACS -Successfully Gathered Configuration Properties...
16:02:24.884 INFO  TRRACS -BOE Test : Test Begins
16:02:24.884 INFO  TRRACS -Initialization Of Driver Factory Begins...
16:02:28.133 INFO  TRRACS -Thread Safe WebDriver Instance is Set...
16:02:28.250 INFO  TRRACS -Successfully Launched Local:Chrome
16:02:45.107 INFO  TRRACS -T001_openBOEExtension : Test Case Skipped
16:02:45.107 INFO  TRRACS -T002_checkAutofillToDate : Test Case Skipped
16:02:45.123 INFO  TRRACS -BOE Test : Test Ends
16:03:56.953 INFO  TRRACS -Suite : Test Suite Begins
16:03:56.953 INFO  TRRACS -Gathering Configuration Properties...
16:03:56.953 INFO  TRRACS -Successfully Gathered Configuration Properties...
16:03:56.968 INFO  TRRACS -BOE Test : Test Begins
16:03:56.968 INFO  TRRACS -Initialization Of Driver Factory Begins...
16:03:58.539 INFO  TRRACS -Thread Safe WebDriver Instance is Set...
16:03:58.661 INFO  TRRACS -Successfully Launched Local:Chrome
16:04:29.166 INFO  TRRACS -T001_openBOEExtension : Test Case Passed
16:04:42.085 INFO  TRRACS -T002_checkAutofillToDate : Test Case Passed
16:04:42.104 INFO  TRRACS -BOE Test : Test Ends
16:07:47.857 INFO  TRRACS -Suite : Test Suite Begins
16:07:47.857 INFO  TRRACS -Gathering Configuration Properties...
16:07:47.857 INFO  TRRACS -Successfully Gathered Configuration Properties...
16:07:47.857 INFO  TRRACS -BOE Test : Test Begins
16:07:47.857 INFO  TRRACS -Initialization Of Driver Factory Begins...
16:07:49.352 INFO  TRRACS -Thread Safe WebDriver Instance is Set...
16:07:49.469 INFO  TRRACS -Successfully Launched Local:Chrome
16:08:02.084 INFO  TRRACS -T001_openBOEExtension : Test Case Skipped
16:08:02.115 INFO  TRRACS -T002_checkAutofillToDate : Test Case Skipped
16:08:02.131 INFO  TRRACS -BOE Test : Test Ends
16:08:22.716 INFO  TRRACS -Suite : Test Suite Begins
16:08:22.716 INFO  TRRACS -Gathering Configuration Properties...
16:08:22.716 INFO  TRRACS -Successfully Gathered Configuration Properties...
16:08:22.716 INFO  TRRACS -BOE Test : Test Begins
16:08:22.716 INFO  TRRACS -Initialization Of Driver Factory Begins...
16:08:24.264 INFO  TRRACS -Thread Safe WebDriver Instance is Set...
16:08:24.390 INFO  TRRACS -Successfully Launched Local:Chrome
16:08:56.751 INFO  TRRACS -T001_openBOEExtension : Test Case Passed
16:09:09.778 INFO  TRRACS -T002_checkAutofillToDate : Test Case Passed
16:09:09.794 INFO  TRRACS -BOE Test : Test Ends
16:11:19.250 INFO  TRRACS -Suite : Test Suite Begins
16:11:19.250 INFO  TRRACS -Gathering Configuration Properties...
16:11:19.250 INFO  TRRACS -Successfully Gathered Configuration Properties...
16:11:19.250 INFO  TRRACS -BOE Test : Test Begins
16:11:19.250 INFO  TRRACS -Initialization Of Driver Factory Begins...
16:11:20.836 INFO  TRRACS -Thread Safe WebDriver Instance is Set...
16:11:20.955 INFO  TRRACS -Successfully Launched Local:Chrome
16:11:56.330 INFO  TRRACS -T001_openBOEExtension : Test Case Passed
16:12:09.262 INFO  TRRACS -T002_checkAutofillToDate : Test Case Passed
16:12:09.278 INFO  TRRACS -BOE Test : Test Ends
16:19:24.542 INFO  TRRACS -Suite : Test Suite Begins
16:19:24.542 INFO  TRRACS -Gathering Configuration Properties...
16:19:24.542 INFO  TRRACS -Successfully Gathered Configuration Properties...
16:19:24.558 INFO  TRRACS -BOE Test : Test Begins
16:19:24.558 INFO  TRRACS -Initialization Of Driver Factory Begins...
16:19:27.254 INFO  TRRACS -Thread Safe WebDriver Instance is Set...
16:19:27.372 INFO  TRRACS -Successfully Launched Local:Chrome
16:19:49.641 INFO  TRRACS -T001_openBOEExtension : Test Case Passed
16:20:02.564 INFO  TRRACS -T002_checkAutofillToDate : Test Case Passed
16:20:02.580 INFO  TRRACS -BOE Test : Test Ends
16:21:17.125 INFO  TRRACS -Suite : Test Suite Begins
16:21:17.125 INFO  TRRACS -Gathering Configuration Properties...
16:21:17.125 INFO  TRRACS -Successfully Gathered Configuration Properties...
16:21:17.140 INFO  TRRACS -BOE Test : Test Begins
16:21:17.140 INFO  TRRACS -Initialization Of Driver Factory Begins...
16:21:18.695 INFO  TRRACS -Thread Safe WebDriver Instance is Set...
16:21:18.819 INFO  TRRACS -Successfully Launched Local:Chrome
16:21:50.406 INFO  TRRACS -T001_openBOEExtension : Test Case Passed
16:22:03.394 INFO  TRRACS -T002_checkAutofillToDate : Test Case Passed
16:22:03.410 INFO  TRRACS -BOE Test : Test Ends
16:23:14.984 INFO  TRRACS -Suite : Test Suite Begins
16:23:14.984 INFO  TRRACS -Gathering Configuration Properties...
16:23:14.999 INFO  TRRACS -Successfully Gathered Configuration Properties...
16:23:14.999 INFO  TRRACS -BOE Test : Test Begins
16:23:14.999 INFO  TRRACS -Initialization Of Driver Factory Begins...
16:23:16.586 INFO  TRRACS -Thread Safe WebDriver Instance is Set...
16:23:16.710 INFO  TRRACS -Successfully Launched Local:Chrome
16:24:01.974 INFO  TRRACS -T001_openBOEExtension : Test Case Failed
16:24:02.658 INFO  TRRACS -T002_checkAutofillToDate : Test Case Passed
16:24:02.659 INFO  TRRACS -BOE Test : Test Ends
16:27:03.374 INFO  TRRACS -Suite : Test Suite Begins
16:27:03.374 INFO  TRRACS -Gathering Configuration Properties...
16:27:03.389 INFO  TRRACS -Successfully Gathered Configuration Properties...
16:27:03.389 INFO  TRRACS -BOE Test : Test Begins
16:27:03.389 INFO  TRRACS -Initialization Of Driver Factory Begins...
16:27:04.947 INFO  TRRACS -Thread Safe WebDriver Instance is Set...
16:27:05.066 INFO  TRRACS -Successfully Launched Local:Chrome
16:27:49.548 INFO  TRRACS -T001_openBOEExtension : Test Case Failed
16:27:50.273 INFO  TRRACS -T002_checkAutofillToDate : Test Case Passed
16:27:50.274 INFO  TRRACS -BOE Test : Test Ends
16:31:29.029 INFO  TRRACS -Suite : Test Suite Begins
16:31:29.029 INFO  TRRACS -Gathering Configuration Properties...
16:31:29.029 INFO  TRRACS -Successfully Gathered Configuration Properties...
16:31:29.029 INFO  TRRACS -BOE Test : Test Begins
16:31:29.029 INFO  TRRACS -Initialization Of Driver Factory Begins...
16:31:30.795 INFO  TRRACS -Thread Safe WebDriver Instance is Set...
16:31:30.913 INFO  TRRACS -Successfully Launched Local:Chrome
16:32:14.485 INFO  TRRACS -T001_openBOEExtension : Test Case Failed
16:32:15.228 INFO  TRRACS -T002_checkAutofillToDate : Test Case Passed
16:32:15.229 INFO  TRRACS -BOE Test : Test Ends
