12:32:42.122 INFO  TRRACS -Suite : Test Suite Begins
12:32:42.151 INFO  TRRACS -Gathering Configuration Properties...
12:32:42.153 INFO  TRRACS -Successfully Gathered Configuration Properties...
12:32:42.157 INFO  TRRACS -BOE Test : Test Begins
12:32:42.157 INFO  TRRACS -Initialization Of Driver Factory Begins...
12:32:45.958 INFO  TRRACS -Thread Safe WebDriver Instance is Set...
12:32:46.088 INFO  TRRACS -Successfully Launched Local:Chrome
12:33:18.959 INFO  TRRACS -T001_openBOEExtension : Test Case Passed
12:33:23.155 INFO  TRRACS -T005_uploadBOEFile : Test Case Passed
12:33:44.172 INFO  TRRACS -T006_DownloadCSVFile : Test Case Passed
12:33:44.229 INFO  TRRACS -BOE Test : Test Ends
12:41:42.779 INFO  TRRACS -Suite : Test Suite Begins
12:41:42.783 INFO  TRRACS -Gathering Configuration Properties...
12:41:42.785 INFO  TRRACS -Successfully Gathered Configuration Properties...
12:41:42.788 INFO  TRRACS -BOE Test : Test Begins
12:41:42.789 INFO  TRRACS -Initialization Of Driver Factory Begins...
12:41:44.355 INFO  TRRACS -Thread Safe WebDriver Instance is Set...
12:41:44.469 INFO  TRRACS -Successfully Launched Local:Chrome
12:42:15.455 INFO  TRRACS -T001_openBOEExtension : Test Case Passed
12:42:19.651 INFO  TRRACS -T005_uploadBOEFile : Test Case Passed
12:42:40.510 INFO  TRRACS -T006_DownloadCSVFile : Test Case Passed
12:42:40.537 INFO  TRRACS -BOE Test : Test Ends
13:13:08.836 INFO  TRRACS -Suite : Test Suite Begins
13:13:08.836 INFO  TRRACS -Gathering Configuration Properties...
13:13:08.852 INFO  TRRACS -Successfully Gathered Configuration Properties...
13:13:08.852 INFO  TRRACS -BOE Test : Test Begins
13:13:08.852 INFO  TRRACS -Initialization Of Driver Factory Begins...
13:13:10.414 INFO  TRRACS -Thread Safe WebDriver Instance is Set...
13:13:10.538 INFO  TRRACS -Successfully Launched Local:Chrome
13:13:37.880 INFO  TRRACS -T001_openBOEExtension : Test Case Passed
13:13:37.942 INFO  TRRACS -T007_ViewBOE : Test Case Skipped
13:13:37.943 INFO  TRRACS -BOE Test : Test Ends
13:14:42.217 INFO  TRRACS -Suite : Test Suite Begins
13:14:42.217 INFO  TRRACS -Gathering Configuration Properties...
13:14:42.217 INFO  TRRACS -Successfully Gathered Configuration Properties...
13:14:42.217 INFO  TRRACS -BOE Test : Test Begins
13:14:42.217 INFO  TRRACS -Initialization Of Driver Factory Begins...
13:14:43.761 INFO  TRRACS -Thread Safe WebDriver Instance is Set...
13:14:43.885 INFO  TRRACS -Successfully Launched Local:Chrome
13:14:49.651 INFO  TRRACS -T001_openBOEExtension : Test Case Failed
13:14:50.552 INFO  TRRACS -T001_openBOEExtension : Test Case Failed
13:14:51.364 INFO  TRRACS -T001_openBOEExtension : Test Case Failed
13:14:52.222 INFO  TRRACS -T001_openBOEExtension : Test Case Failed
13:14:53.002 INFO  TRRACS -T007_ViewBOE : Test Case Failed
13:14:53.752 INFO  TRRACS -T007_ViewBOE : Test Case Failed
13:14:54.540 INFO  TRRACS -T007_ViewBOE : Test Case Failed
13:14:55.297 INFO  TRRACS -T007_ViewBOE : Test Case Failed
13:14:56.105 INFO  TRRACS -BOE Test : Test Ends
13:17:58.894 INFO  TRRACS -Suite : Test Suite Begins
13:17:58.910 INFO  TRRACS -Gathering Configuration Properties...
13:17:58.910 INFO  TRRACS -Successfully Gathered Configuration Properties...
13:17:58.910 INFO  TRRACS -BOE Test : Test Begins
13:17:58.910 INFO  TRRACS -Initialization Of Driver Factory Begins...
13:18:00.440 INFO  TRRACS -Thread Safe WebDriver Instance is Set...
13:18:00.554 INFO  TRRACS -Successfully Launched Local:Chrome
13:18:44.821 INFO  TRRACS -T001_openBOEExtension : Test Case Passed
13:19:10.034 INFO  TRRACS -T007_ViewBOE : Test Case Passed
13:19:10.065 INFO  TRRACS -BOE Test : Test Ends
13:25:38.193 INFO  TRRACS -Suite : Test Suite Begins
13:25:38.208 INFO  TRRACS -Gathering Configuration Properties...
13:25:38.208 INFO  TRRACS -Successfully Gathered Configuration Properties...
13:25:38.208 INFO  TRRACS -BOE Test : Test Begins
13:25:38.208 INFO  TRRACS -Initialization Of Driver Factory Begins...
13:25:39.710 INFO  TRRACS -Thread Safe WebDriver Instance is Set...
13:25:39.830 INFO  TRRACS -Successfully Launched Local:Chrome
13:26:14.353 INFO  TRRACS -T001_openBOEExtension : Test Case Passed
13:26:53.799 INFO  TRRACS -T008_RaiseBOEExtension : Test Case Passed
13:27:36.239 INFO  TRRACS -T009_cancelBOEExtension : Test Case Passed
13:27:36.255 INFO  TRRACS -BOE Test : Test Ends
14:59:08.761 INFO  TRRACS -Suite : Test Suite Begins
14:59:08.766 INFO  TRRACS -Gathering Configuration Properties...
14:59:08.767 INFO  TRRACS -Successfully Gathered Configuration Properties...
14:59:08.771 INFO  TRRACS -BOE Test : Test Begins
14:59:08.771 INFO  TRRACS -Initialization Of Driver Factory Begins...
14:59:10.393 INFO  TRRACS -Thread Safe WebDriver Instance is Set...
14:59:10.508 INFO  TRRACS -Successfully Launched Local:Chrome
14:59:45.727 INFO  TRRACS -T001_openBOEExtension : Test Case Passed
14:59:45.755 INFO  TRRACS -BOE Test : Test Ends
15:00:20.262 INFO  TRRACS -Suite : Test Suite Begins
15:00:20.267 INFO  TRRACS -Gathering Configuration Properties...
15:00:20.269 INFO  TRRACS -Successfully Gathered Configuration Properties...
15:00:20.272 INFO  TRRACS -BOE Test : Test Begins
15:00:20.272 INFO  TRRACS -Initialization Of Driver Factory Begins...
15:00:22.051 INFO  TRRACS -Thread Safe WebDriver Instance is Set...
15:00:22.180 INFO  TRRACS -Successfully Launched Local:Chrome
15:01:01.298 INFO  TRRACS -T001_openBOEExtension : Test Case Passed
15:01:01.328 INFO  TRRACS -BOE Test : Test Ends
15:02:29.891 INFO  TRRACS -Suite : Test Suite Begins
15:02:29.896 INFO  TRRACS -Gathering Configuration Properties...
15:02:29.897 INFO  TRRACS -Successfully Gathered Configuration Properties...
15:02:29.901 INFO  TRRACS -BOE Test : Test Begins
15:02:29.901 INFO  TRRACS -Initialization Of Driver Factory Begins...
15:02:31.430 INFO  TRRACS -Thread Safe WebDriver Instance is Set...
15:02:31.552 INFO  TRRACS -Successfully Launched Local:Chrome
15:03:10.533 INFO  TRRACS -T001_openBOEExtension : Test Case Passed
15:03:10.566 INFO  TRRACS -BOE Test : Test Ends
15:04:54.318 INFO  TRRACS -Suite : Test Suite Begins
15:04:54.322 INFO  TRRACS -Gathering Configuration Properties...
15:04:54.324 INFO  TRRACS -Successfully Gathered Configuration Properties...
15:04:54.327 INFO  TRRACS -BOE Test : Test Begins
15:04:54.327 INFO  TRRACS -Initialization Of Driver Factory Begins...
15:04:54.327 INFO  TRRACS -Test2 : Test Begins
15:04:54.328 INFO  TRRACS -Initialization Of Driver Factory Begins...
15:04:56.199 INFO  TRRACS -Thread Safe WebDriver Instance is Set...
15:04:56.334 INFO  TRRACS -Thread Safe WebDriver Instance is Set...
15:04:56.352 INFO  TRRACS -Successfully Launched Local:Chrome
15:04:56.448 INFO  TRRACS -Successfully Launched Local:Chrome
15:05:13.062 INFO  TRRACS -BOE Test : Test Ends
15:05:24.589 INFO  TRRACS -T009_CancelBOEClosure : Test Case Passed
15:05:24.601 INFO  TRRACS -Test2 : Test Ends
15:06:16.101 INFO  TRRACS -Suite : Test Suite Begins
15:06:16.105 INFO  TRRACS -Gathering Configuration Properties...
15:06:16.107 INFO  TRRACS -Successfully Gathered Configuration Properties...
15:06:16.111 INFO  TRRACS -Test2 : Test Begins
15:06:16.111 INFO  TRRACS -Initialization Of Driver Factory Begins...
15:06:16.111 INFO  TRRACS -BOE Test : Test Begins
15:06:16.112 INFO  TRRACS -Initialization Of Driver Factory Begins...
15:06:18.015 INFO  TRRACS -Thread Safe WebDriver Instance is Set...
15:06:18.023 INFO  TRRACS -Thread Safe WebDriver Instance is Set...
15:06:18.143 INFO  TRRACS -Successfully Launched Local:Chrome
15:06:18.155 INFO  TRRACS -Successfully Launched Local:Chrome
15:06:34.867 INFO  TRRACS -BOE Test : Test Ends
15:07:17.232 INFO  TRRACS -T009_CancelBOEClosure : Test Case Passed
15:07:17.249 INFO  TRRACS -Test2 : Test Ends
16:01:59.218 INFO  TRRACS -Suite : Test Suite Begins
16:01:59.223 INFO  TRRACS -Gathering Configuration Properties...
16:01:59.225 INFO  TRRACS -Successfully Gathered Configuration Properties...
16:01:59.228 INFO  TRRACS -Test2 : Test Begins
16:01:59.228 INFO  TRRACS -Initialization Of Driver Factory Begins...
16:02:00.783 INFO  TRRACS -Thread Safe WebDriver Instance is Set...
16:02:00.900 INFO  TRRACS -Successfully Launched Local:Chrome
16:02:34.385 INFO  TRRACS -T001_openBOEClosure : Test Case Passed
16:02:47.233 INFO  TRRACS -T002_checkAutofillToDate : Test Case Passed
16:03:00.244 INFO  TRRACS -T003_searchByBOEnumber : Test Case Passed
16:03:05.432 INFO  TRRACS -T004_checkAdCodeAutoDisable : Test Case Passed
16:03:09.597 INFO  TRRACS -T005_uploadBOEFile : Test Case Passed
16:03:09.599 INFO  TRRACS -T009_CancelBOEClosure : Test Case Passed
16:03:09.621 INFO  TRRACS -Test2 : Test Ends
16:21:41.880 INFO  TRRACS -Suite : Test Suite Begins
16:21:41.884 INFO  TRRACS -Gathering Configuration Properties...
16:21:41.886 INFO  TRRACS -Successfully Gathered Configuration Properties...
16:21:41.889 INFO  TRRACS -Test2 : Test Begins
16:21:41.890 INFO  TRRACS -Initialization Of Driver Factory Begins...
16:21:43.475 INFO  TRRACS -Thread Safe WebDriver Instance is Set...
16:21:43.589 INFO  TRRACS -Successfully Launched Local:Chrome
16:22:20.685 INFO  TRRACS -T001_openBOEClosure : Test Case Passed
16:22:33.569 INFO  TRRACS -T002_checkAutofillToDate : Test Case Passed
16:22:46.566 INFO  TRRACS -T003_searchByBOEnumber : Test Case Passed
16:22:51.757 INFO  TRRACS -T004_checkAdCodeAutoDisable : Test Case Passed
16:22:55.954 INFO  TRRACS -T005_uploadBOEFile : Test Case Passed
16:23:14.305 INFO  TRRACS -T006_DownloadCSVFile : Test Case Passed
16:23:34.958 INFO  TRRACS -T007_ViewBOE : Test Case Failed
16:24:12.229 INFO  TRRACS -T008_RaiseBOEClosure : Test Case Passed
16:24:12.230 INFO  TRRACS -T009_CancelBOEClosure : Test Case Passed
16:24:12.259 INFO  TRRACS -Test2 : Test Ends
16:45:20.117 INFO  TRRACS -Suite : Test Suite Begins
16:45:20.121 INFO  TRRACS -Gathering Configuration Properties...
16:45:20.123 INFO  TRRACS -Successfully Gathered Configuration Properties...
16:45:20.126 INFO  TRRACS -Test2 : Test Begins
16:45:20.126 INFO  TRRACS -Initialization Of Driver Factory Begins...
16:45:21.742 INFO  TRRACS -Thread Safe WebDriver Instance is Set...
16:45:21.864 INFO  TRRACS -Successfully Launched Local:Chrome
16:45:57.586 INFO  TRRACS -T001_openBOEClosure : Test Case Passed
16:46:01.788 INFO  TRRACS -T005_uploadBOEFile : Test Case Passed
16:46:01.804 INFO  TRRACS -Test2 : Test Ends
16:46:26.222 INFO  TRRACS -Suite : Test Suite Begins
16:46:26.226 INFO  TRRACS -Gathering Configuration Properties...
16:46:26.228 INFO  TRRACS -Successfully Gathered Configuration Properties...
16:46:26.231 INFO  TRRACS -Test2 : Test Begins
16:46:26.231 INFO  TRRACS -Initialization Of Driver Factory Begins...
16:46:27.782 INFO  TRRACS -Thread Safe WebDriver Instance is Set...
16:46:27.905 INFO  TRRACS -Successfully Launched Local:Chrome
16:47:04.755 INFO  TRRACS -T001_openBOEClosure : Test Case Passed
16:47:25.899 INFO  TRRACS -T006_DownloadCSVFile : Test Case Passed
16:47:25.931 INFO  TRRACS -Test2 : Test Ends
16:48:00.496 INFO  TRRACS -Suite : Test Suite Begins
16:48:00.500 INFO  TRRACS -Gathering Configuration Properties...
16:48:00.502 INFO  TRRACS -Successfully Gathered Configuration Properties...
16:48:00.506 INFO  TRRACS -Test2 : Test Begins
16:48:00.506 INFO  TRRACS -Initialization Of Driver Factory Begins...
16:48:02.035 INFO  TRRACS -Thread Safe WebDriver Instance is Set...
16:48:02.159 INFO  TRRACS -Successfully Launched Local:Chrome
16:48:54.184 INFO  TRRACS -T001_openBOEClosure : Test Case Passed
16:49:07.080 INFO  TRRACS -T002_checkAutofillToDate : Test Case Passed
16:49:20.035 INFO  TRRACS -T003_searchByBOEnumber : Test Case Passed
16:49:25.182 INFO  TRRACS -T004_checkAdCodeAutoDisable : Test Case Passed
16:49:29.361 INFO  TRRACS -T005_uploadBOEFile : Test Case Passed
16:49:46.929 INFO  TRRACS -T006_DownloadCSVFile : Test Case Passed
16:50:07.740 INFO  TRRACS -T007_ViewBOE : Test Case Failed
16:50:44.903 INFO  TRRACS -T008_RaiseBOEClosure : Test Case Failed
16:50:45.252 INFO  TRRACS -Test2 : Test Ends
17:47:18.936 INFO  TRRACS -Suite : Test Suite Begins
17:47:18.940 INFO  TRRACS -Gathering Configuration Properties...
17:47:18.942 INFO  TRRACS -Successfully Gathered Configuration Properties...
17:47:18.945 INFO  TRRACS -BOE Test : Test Begins
17:47:18.946 INFO  TRRACS -Initialization Of Driver Factory Begins...
17:47:18.946 INFO  TRRACS -Test2 : Test Begins
17:47:18.946 INFO  TRRACS -Initialization Of Driver Factory Begins...
17:47:20.850 INFO  TRRACS -Thread Safe WebDriver Instance is Set...
17:47:21.060 INFO  TRRACS -Thread Safe WebDriver Instance is Set...
17:47:21.062 INFO  TRRACS -Successfully Launched Local:Chrome
17:47:21.178 INFO  TRRACS -Successfully Launched Local:Chrome
17:47:55.003 INFO  TRRACS -T001_openBOEClosure : Test Case Failed
17:47:55.438 INFO  TRRACS -T002_checkAutofillToDate : Test Case Passed
17:47:55.466 INFO  TRRACS -T003_searchByBOEnumber : Test Case Failed
17:47:55.842 INFO  TRRACS -T004_checkAdCodeAutoDisable : Test Case Failed
17:47:56.180 INFO  TRRACS -T001_openBOEExtension : Test Case Passed
17:47:56.425 INFO  TRRACS -T005_uploadBOEFile : Test Case Failed
17:47:57.288 INFO  TRRACS -T006_DownloadCSVFile : Test Case Failed
17:47:58.088 INFO  TRRACS -T007_ViewBOE : Test Case Failed
17:47:58.883 INFO  TRRACS -T008_RaiseBOEClosure : Test Case Failed
17:47:59.783 INFO  TRRACS -Test2 : Test Ends
17:48:19.153 INFO  TRRACS -T002_checkAutofillToDate : Test Case Passed
17:48:47.237 INFO  TRRACS -T003_searchByBOEnumber : Test Case Passed
17:48:57.436 INFO  TRRACS -T004_checkAdCodeAutoDisable : Test Case Failed
17:49:01.563 INFO  TRRACS -T005_uploadBOEFile : Test Case Passed
17:50:10.298 INFO  TRRACS -Suite : Test Suite Begins
17:50:13.216 INFO  TRRACS -Gathering Configuration Properties...
17:50:13.226 INFO  TRRACS -Successfully Gathered Configuration Properties...
17:50:14.993 INFO  TRRACS -BOE Test : Test Begins
17:50:16.794 INFO  TRRACS -Initialization Of Driver Factory Begins...
17:50:18.501 INFO  TRRACS -Thread Safe WebDriver Instance is Set...
17:50:18.636 INFO  TRRACS -Successfully Launched Local:Chrome
17:51:21.979 INFO  TRRACS -Test2 : Test Begins
17:51:34.453 INFO  TRRACS -Initialization Of Driver Factory Begins...
17:51:36.516 INFO  TRRACS -Thread Safe WebDriver Instance is Set...
17:51:36.746 INFO  TRRACS -Successfully Launched Local:Chrome
17:57:21.738 INFO  TRRACS -Suite : Test Suite Begins
17:57:23.700 INFO  TRRACS -Gathering Configuration Properties...
17:57:23.709 INFO  TRRACS -Successfully Gathered Configuration Properties...
17:57:32.771 INFO  TRRACS -Test2 : Test Begins
17:57:41.603 INFO  TRRACS -Initialization Of Driver Factory Begins...
17:57:43.479 INFO  TRRACS -Thread Safe WebDriver Instance is Set...
17:57:43.620 INFO  TRRACS -Successfully Launched Local:Chrome
18:00:25.115 INFO  TRRACS -BOE Test : Test Begins
18:00:28.995 INFO  TRRACS -Initialization Of Driver Factory Begins...
18:00:31.644 INFO  TRRACS -Thread Safe WebDriver Instance is Set...
18:00:31.915 INFO  TRRACS -Successfully Launched Local:Chrome
18:05:59.975 INFO  TRRACS -Suite : Test Suite Begins
18:05:59.979 INFO  TRRACS -Gathering Configuration Properties...
18:05:59.981 INFO  TRRACS -Successfully Gathered Configuration Properties...
18:05:59.984 INFO  TRRACS -Test2 : Test Begins
18:05:59.984 INFO  TRRACS -Initialization Of Driver Factory Begins...
18:05:59.985 INFO  TRRACS -BOE Test : Test Begins
18:05:59.985 INFO  TRRACS -Initialization Of Driver Factory Begins...
18:06:01.919 INFO  TRRACS -Thread Safe WebDriver Instance is Set...
18:06:02.043 INFO  TRRACS -Successfully Launched Local:Chrome
18:06:02.185 INFO  TRRACS -Thread Safe WebDriver Instance is Set...
18:06:02.309 INFO  TRRACS -Successfully Launched Local:Chrome
18:06:43.009 INFO  TRRACS -T001_openBOEExtension : Test Case Failed
18:06:43.413 INFO  TRRACS -T002_checkAutofillToDate : Test Case Passed
18:06:43.437 INFO  TRRACS -T003_searchByBOEnumber : Test Case Failed
18:06:43.859 INFO  TRRACS -T004_checkAdCodeAutoDisable : Test Case Failed
18:06:44.652 INFO  TRRACS -T001_openBOEClosure : Test Case Passed
18:06:44.741 INFO  TRRACS -T005_uploadBOEFile : Test Case Failed
18:06:45.507 INFO  TRRACS -T006_DownloadCSVFile : Test Case Failed
18:06:46.304 INFO  TRRACS -T007_ViewBOE : Test Case Failed
18:06:47.094 INFO  TRRACS -T008_RaiseBOEExtension : Test Case Failed
18:06:47.899 INFO  TRRACS -T009_cancelBOEExtension : Test Case Failed
18:06:48.689 INFO  TRRACS -BOE Test : Test Ends
18:07:45.781 INFO  TRRACS -Suite : Test Suite Begins
18:07:45.786 INFO  TRRACS -Gathering Configuration Properties...
18:07:45.788 INFO  TRRACS -Successfully Gathered Configuration Properties...
18:07:45.792 INFO  TRRACS -Test2 : Test Begins
18:07:45.792 INFO  TRRACS -Initialization Of Driver Factory Begins...
18:07:45.793 INFO  TRRACS -BOE Test : Test Begins
18:07:45.793 INFO  TRRACS -Initialization Of Driver Factory Begins...
18:07:47.799 INFO  TRRACS -Thread Safe WebDriver Instance is Set...
18:07:47.799 INFO  TRRACS -Thread Safe WebDriver Instance is Set...
18:07:48.034 INFO  TRRACS -Successfully Launched Local:Chrome
18:07:48.035 INFO  TRRACS -Successfully Launched Local:Chrome
18:08:10.736 INFO  TRRACS -T001_openBOEClosure : Test Case Skipped
18:08:10.772 INFO  TRRACS -T002_checkAutofillToDate : Test Case Passed
18:08:10.814 INFO  TRRACS -T003_searchByBOEnumber : Test Case Failed
18:08:11.656 INFO  TRRACS -T004_checkAdCodeAutoDisable : Test Case Failed
18:08:12.537 INFO  TRRACS -T005_uploadBOEFile : Test Case Failed
18:08:13.387 INFO  TRRACS -T006_DownloadCSVFile : Test Case Failed
18:08:14.229 INFO  TRRACS -T007_ViewBOE : Test Case Failed
18:08:15.148 INFO  TRRACS -T008_RaiseBOEClosure : Test Case Failed
18:08:16.056 INFO  TRRACS -Test2 : Test Ends
18:08:36.144 INFO  TRRACS -T001_openBOEExtension : Test Case Passed
18:08:58.622 INFO  TRRACS -T002_checkAutofillToDate : Test Case Passed
18:09:21.161 INFO  TRRACS -T003_searchByBOEnumber : Test Case Passed
18:09:31.306 INFO  TRRACS -T004_checkAdCodeAutoDisable : Test Case Failed
18:09:36.037 INFO  TRRACS -T005_uploadBOEFile : Test Case Passed
18:09:57.058 INFO  TRRACS -T006_DownloadCSVFile : Test Case Passed
18:10:20.796 INFO  TRRACS -T007_ViewBOE : Test Case Passed
18:11:38.314 INFO  TRRACS -Suite : Test Suite Begins
18:11:38.318 INFO  TRRACS -Gathering Configuration Properties...
18:11:38.320 INFO  TRRACS -Successfully Gathered Configuration Properties...
18:11:38.323 INFO  TRRACS -BOE Test : Test Begins
18:11:38.323 INFO  TRRACS -Initialization Of Driver Factory Begins...
18:11:38.323 INFO  TRRACS -Test2 : Test Begins
18:11:38.323 INFO  TRRACS -Initialization Of Driver Factory Begins...
18:11:40.255 INFO  TRRACS -Thread Safe WebDriver Instance is Set...
18:11:40.385 INFO  TRRACS -Successfully Launched Local:Chrome
18:11:50.253 INFO  TRRACS -Thread Safe WebDriver Instance is Set...
18:11:50.367 INFO  TRRACS -Successfully Launched Local:Chrome
18:12:15.499 INFO  TRRACS -T001_openBOEExtension : Test Case Passed
18:12:16.944 INFO  TRRACS -T001_openBOEClosure : Test Case Passed
18:12:28.251 INFO  TRRACS -T002_checkAutofillToDate : Test Case Passed
18:12:29.869 INFO  TRRACS -T002_checkAutofillToDate : Test Case Passed
18:12:41.215 INFO  TRRACS -T003_searchByBOEnumber : Test Case Passed
18:12:42.857 INFO  TRRACS -T003_searchByBOEnumber : Test Case Passed
18:12:46.455 INFO  TRRACS -T004_checkAdCodeAutoDisable : Test Case Passed
18:12:48.059 INFO  TRRACS -T004_checkAdCodeAutoDisable : Test Case Passed
18:12:50.604 INFO  TRRACS -T005_uploadBOEFile : Test Case Passed
18:12:52.239 INFO  TRRACS -T005_uploadBOEFile : Test Case Passed
18:13:07.920 INFO  TRRACS -T006_DownloadCSVFile : Test Case Passed
18:13:09.946 INFO  TRRACS -T006_DownloadCSVFile : Test Case Passed
18:13:30.629 INFO  TRRACS -T007_ViewBOE : Test Case Failed
18:13:31.114 INFO  TRRACS -T007_ViewBOE : Test Case Passed
18:14:07.886 INFO  TRRACS -T008_RaiseBOEClosure : Test Case Failed
18:14:08.244 INFO  TRRACS -Test2 : Test Ends
18:14:09.627 INFO  TRRACS -T008_RaiseBOEExtension : Test Case Passed
18:14:26.541 INFO  TRRACS -T009_cancelBOEExtension : Test Case Failed
18:14:26.555 INFO  TRRACS -BOE Test : Test Ends
