11:25:38.120 INFO  TRRACS -Suite : Test Suite Begins
11:25:38.129 INFO  TRRACS -Gathering Configuration Properties...
11:25:38.130 INFO  TRRACS -Successfully Gathered Configuration Properties...
11:25:38.133 INFO  TRRACS -Test2 : Test Begins
11:25:38.134 INFO  TRRACS -Initialization Of Driver Factory Begins...
11:25:39.647 INFO  TRRACS -Thread Safe WebDriver Instance is Set...
11:25:39.762 INFO  TRRACS -Successfully Launched Local:Chrome
11:26:00.967 INFO  TRRACS -T001_openBOEClosure : Test Case Passed
11:26:13.782 INFO  TRRACS -T002_checkAutofillToDate : Test Case Passed
11:26:26.653 INFO  TRRACS -T003_searchByBOEnumber : Test Case Passed
11:26:31.843 INFO  TRRACS -T004_checkAdCodeAutoDisable : Test Case Passed
11:26:36.012 INFO  TRRACS -T005_uploadBOEFile : Test Case Passed
11:26:54.176 INFO  TRRACS -T006_DownloadCSVFile : Test Case Passed
11:27:14.773 INFO  TRRACS -T007_ViewBOE : Test Case Passed
11:27:51.389 INFO  TRRACS -T008_RaiseBOEClosure : Test Case Failed
11:27:51.762 INFO  TRRACS -Test2 : Test Ends
11:55:42.915 INFO  TRRACS -Suite : Test Suite Begins
11:55:42.915 INFO  TRRACS -Gathering Configuration Properties...
11:55:42.915 INFO  TRRACS -Successfully Gathered Configuration Properties...
11:55:42.930 INFO  TRRACS -Test2 : Test Begins
11:55:42.930 INFO  TRRACS -Initialization Of Driver Factory Begins...
11:55:44.538 INFO  TRRACS -Thread Safe WebDriver Instance is Set...
11:55:44.662 INFO  TRRACS -Successfully Launched Local:Chrome
11:56:23.550 INFO  TRRACS -T001_openBOEClosure : Test Case Passed
11:56:36.478 INFO  TRRACS -T002_checkAutofillToDate : Test Case Passed
11:56:51.469 INFO  TRRACS -T002_checkAutofillToDate : Test Case Passed
11:57:04.639 INFO  TRRACS -T003_searchByBOEnumber : Test Case Passed
11:57:09.890 INFO  TRRACS -T004_checkAdCodeAutoDisable : Test Case Passed
11:57:14.099 INFO  TRRACS -T005_uploadBOEFile : Test Case Passed
11:57:31.942 INFO  TRRACS -T006_DownloadCSVFile : Test Case Passed
11:57:53.005 INFO  TRRACS -T007_ViewBOE : Test Case Passed
11:58:30.614 INFO  TRRACS -T008_RaiseBOEClosure : Test Case Failed
11:58:31.033 INFO  TRRACS -Test2 : Test Ends
13:06:15.894 INFO  TRRACS -Suite : Test Suite Begins
13:06:15.898 INFO  TRRACS -Gathering Configuration Properties...
13:06:15.900 INFO  TRRACS -Successfully Gathered Configuration Properties...
13:06:15.903 INFO  TRRACS -Test2 : Test Begins
13:06:15.903 INFO  TRRACS -Initialization Of Driver Factory Begins...
13:06:17.528 INFO  TRRACS -Thread Safe WebDriver Instance is Set...
13:06:17.647 INFO  TRRACS -Successfully Launched Local:Chrome
13:06:59.195 INFO  TRRACS -T001_openBOEClosure : Test Case Passed
13:06:59.206 INFO  TRRACS -T001_openBOEClosure : Test Case Failed
13:06:59.611 INFO  TRRACS -Test2 : Test Ends
13:08:29.415 INFO  TRRACS -Suite : Test Suite Begins
13:08:29.419 INFO  TRRACS -Gathering Configuration Properties...
13:08:29.421 INFO  TRRACS -Successfully Gathered Configuration Properties...
13:08:29.424 INFO  TRRACS -Test2 : Test Begins
13:08:29.425 INFO  TRRACS -Initialization Of Driver Factory Begins...
13:08:31.078 INFO  TRRACS -Thread Safe WebDriver Instance is Set...
13:08:31.194 INFO  TRRACS -Successfully Launched Local:Chrome
13:09:02.872 INFO  TRRACS -T001_openBOEClosure : Test Case Passed
13:09:02.882 INFO  TRRACS -T001_openBOEClosure : Test Case Failed
13:09:03.269 INFO  TRRACS -Test2 : Test Ends
13:11:08.411 INFO  TRRACS -Suite : Test Suite Begins
13:11:08.415 INFO  TRRACS -Gathering Configuration Properties...
13:11:08.417 INFO  TRRACS -Successfully Gathered Configuration Properties...
13:11:08.421 INFO  TRRACS -Test2 : Test Begins
13:11:08.421 INFO  TRRACS -Initialization Of Driver Factory Begins...
13:11:10.070 INFO  TRRACS -Thread Safe WebDriver Instance is Set...
13:11:10.192 INFO  TRRACS -Successfully Launched Local:Chrome
13:11:44.351 INFO  TRRACS -T001_openBOEClosure : Test Case Passed
13:11:44.393 INFO  TRRACS -Test2 : Test Ends
13:25:21.379 INFO  TRRACS -Suite : Test Suite Begins
13:25:21.383 INFO  TRRACS -Gathering Configuration Properties...
13:25:21.385 INFO  TRRACS -Successfully Gathered Configuration Properties...
13:25:21.388 INFO  TRRACS -Test2 : Test Begins
13:25:21.388 INFO  TRRACS -Initialization Of Driver Factory Begins...
13:25:22.982 INFO  TRRACS -Thread Safe WebDriver Instance is Set...
13:25:23.105 INFO  TRRACS -Successfully Launched Local:Chrome
13:25:54.832 INFO  TRRACS -T001_openBOEClosure : Test Case Passed
13:25:54.874 INFO  TRRACS -Test2 : Test Ends
13:28:12.972 INFO  TRRACS -Suite : Test Suite Begins
13:28:12.976 INFO  TRRACS -Gathering Configuration Properties...
13:28:12.978 INFO  TRRACS -Successfully Gathered Configuration Properties...
13:28:12.981 INFO  TRRACS -Test2 : Test Begins
13:28:12.982 INFO  TRRACS -Initialization Of Driver Factory Begins...
13:28:14.567 INFO  TRRACS -Thread Safe WebDriver Instance is Set...
13:28:14.682 INFO  TRRACS -Successfully Launched Local:Chrome
13:28:35.968 INFO  TRRACS -T001_openBOEClosure : Test Case Passed
13:28:36.006 INFO  TRRACS -Test2 : Test Ends
13:32:26.530 INFO  TRRACS -Suite : Test Suite Begins
13:32:26.534 INFO  TRRACS -Gathering Configuration Properties...
13:32:26.536 INFO  TRRACS -Successfully Gathered Configuration Properties...
13:32:26.540 INFO  TRRACS -Test2 : Test Begins
13:32:26.540 INFO  TRRACS -Initialization Of Driver Factory Begins...
13:32:28.280 INFO  TRRACS -Thread Safe WebDriver Instance is Set...
13:32:28.402 INFO  TRRACS -Successfully Launched Local:Chrome
13:33:15.409 INFO  TRRACS -T001_openBOEClosure : Test Case Passed
13:33:15.427 INFO  TRRACS -Test2 : Test Ends
13:34:49.113 INFO  TRRACS -Suite : Test Suite Begins
13:34:49.117 INFO  TRRACS -Gathering Configuration Properties...
13:34:49.119 INFO  TRRACS -Successfully Gathered Configuration Properties...
13:34:49.123 INFO  TRRACS -Test2 : Test Begins
13:34:49.123 INFO  TRRACS -Initialization Of Driver Factory Begins...
13:34:50.727 INFO  TRRACS -Thread Safe WebDriver Instance is Set...
13:34:50.847 INFO  TRRACS -Successfully Launched Local:Chrome
13:35:22.209 INFO  TRRACS -T001_openBOEClosure : Test Case Passed
13:35:22.256 INFO  TRRACS -Test2 : Test Ends
14:49:54.303 INFO  TRRACS -Suite : Test Suite Begins
14:49:54.308 INFO  TRRACS -Gathering Configuration Properties...
14:49:54.309 INFO  TRRACS -Successfully Gathered Configuration Properties...
14:49:54.313 INFO  TRRACS -BOEClosureTest : Test Begins
14:49:54.313 INFO  TRRACS -Initialization Of Driver Factory Begins...
14:49:55.921 INFO  TRRACS -Thread Safe WebDriver Instance is Set...
14:49:56.043 INFO  TRRACS -Successfully Launched Local:Chrome
14:50:33.115 INFO  TRRACS -T001_openBOEClosure : Test Case Passed
14:50:33.177 INFO  TRRACS -BOEClosureTest : Test Ends
14:53:10.913 INFO  TRRACS -Suite : Test Suite Begins
14:53:10.918 INFO  TRRACS -Gathering Configuration Properties...
14:53:10.920 INFO  TRRACS -Successfully Gathered Configuration Properties...
14:53:10.990 INFO  TRRACS -BOEExtensionTest : Test Begins
14:53:10.990 INFO  TRRACS -Initialization Of Driver Factory Begins...
14:53:10.991 INFO  TRRACS -BOEClosureTest : Test Begins
14:53:10.992 INFO  TRRACS -Initialization Of Driver Factory Begins...
14:53:13.027 INFO  TRRACS -Thread Safe WebDriver Instance is Set...
14:53:13.194 INFO  TRRACS -Successfully Launched Local:Chrome
14:53:13.213 INFO  TRRACS -Thread Safe WebDriver Instance is Set...
14:53:13.331 INFO  TRRACS -Successfully Launched Local:Chrome
14:53:41.706 INFO  TRRACS -T001_openBOEExtension : Test Case Passed
14:53:41.739 INFO  TRRACS -BOEExtensionTest : Test Ends
14:53:46.279 INFO  TRRACS -T001_openBOEClosure : Test Case Passed
14:53:46.296 INFO  TRRACS -BOEClosureTest : Test Ends
14:55:47.122 INFO  TRRACS -Suite : Test Suite Begins
14:55:47.126 INFO  TRRACS -Gathering Configuration Properties...
14:55:47.128 INFO  TRRACS -Successfully Gathered Configuration Properties...
14:55:47.202 INFO  TRRACS -BOEClosureTest : Test Begins
14:55:47.202 INFO  TRRACS -Initialization Of Driver Factory Begins...
14:55:47.202 INFO  TRRACS -BOEExtensionTest : Test Begins
14:55:47.202 INFO  TRRACS -Initialization Of Driver Factory Begins...
14:55:49.199 INFO  TRRACS -Thread Safe WebDriver Instance is Set...
14:55:49.340 INFO  TRRACS -Successfully Launched Local:Chrome
14:55:49.378 INFO  TRRACS -Thread Safe WebDriver Instance is Set...
14:55:49.524 INFO  TRRACS -Successfully Launched Local:Chrome
14:56:05.172 INFO  TRRACS -T001_openBOEClosure : Test Case Failed
14:56:06.004 INFO  TRRACS -BOEClosureTest : Test Ends
14:56:10.748 INFO  TRRACS -T001_openBOEExtension : Test Case Passed
14:56:10.770 INFO  TRRACS -BOEExtensionTest : Test Ends
14:56:53.012 INFO  TRRACS -Suite : Test Suite Begins
14:56:53.016 INFO  TRRACS -Gathering Configuration Properties...
14:56:53.018 INFO  TRRACS -Successfully Gathered Configuration Properties...
14:56:53.095 INFO  TRRACS -BOEClosureTest : Test Begins
14:56:53.095 INFO  TRRACS -Initialization Of Driver Factory Begins...
14:56:53.095 INFO  TRRACS -BOEExtensionTest : Test Begins
14:56:53.095 INFO  TRRACS -Initialization Of Driver Factory Begins...
14:56:55.184 INFO  TRRACS -Thread Safe WebDriver Instance is Set...
14:56:55.206 INFO  TRRACS -Thread Safe WebDriver Instance is Set...
14:56:55.344 INFO  TRRACS -Successfully Launched Local:Chrome
14:56:55.361 INFO  TRRACS -Successfully Launched Local:Chrome
14:57:31.498 INFO  TRRACS -T001_openBOEClosure : Test Case Passed
14:57:31.545 INFO  TRRACS -BOEClosureTest : Test Ends
14:57:31.620 INFO  TRRACS -T001_openBOEExtension : Test Case Passed
14:57:31.632 INFO  TRRACS -BOEExtensionTest : Test Ends
