10:58:40.489 INFO  TRRACS -Suite : Test Suite Begins
10:58:40.498 INFO  TRRACS -Gathering Configuration Properties...
10:58:40.500 INFO  TRRACS -Successfully Gathered Configuration Properties...
10:58:40.503 INFO  TRRACS -Test2 : Test Begins
10:58:40.503 INFO  TRRACS -Initialization Of Driver Factory Begins...
10:58:44.990 INFO  TRRACS -Thread Safe WebDriver Instance is Set...
10:58:45.265 INFO  TRRACS -Successfully Launched Local:Chrome
10:59:13.745 INFO  TRRACS -T001_openBOEClosure : Test Case Passed
10:59:13.754 INFO  TRRACS -T008_Raise : Test Case Failed
10:59:13.757 INFO  TRRACS -T008_Raise : Test Case Failed
10:59:13.779 INFO  TRRACS -Test2 : Test Ends
11:08:04.918 INFO  TRRACS -Suite : Test Suite Begins
11:08:04.923 INFO  TRRACS -Gathering Configuration Properties...
11:08:04.925 INFO  TRRACS -Successfully Gathered Configuration Properties...
11:08:04.928 INFO  TRRACS -Test2 : Test Begins
11:08:04.928 INFO  TRRACS -Initialization Of Driver Factory Begins...
11:08:08.091 INFO  TRRACS -Thread Safe WebDriver Instance is Set...
11:08:08.211 INFO  TRRACS -Successfully Launched Local:Chrome
11:08:30.401 INFO  TRRACS -T001_openBOEClosure : Test Case Passed
11:08:30.868 INFO  TRRACS -T008_Raise : Test Case Passed
11:08:30.898 INFO  TRRACS -Test2 : Test Ends
11:11:35.242 INFO  TRRACS -Suite : Test Suite Begins
11:11:35.246 INFO  TRRACS -Gathering Configuration Properties...
11:11:35.248 INFO  TRRACS -Successfully Gathered Configuration Properties...
11:11:35.251 INFO  TRRACS -Test2 : Test Begins
11:11:35.252 INFO  TRRACS -Initialization Of Driver Factory Begins...
11:11:38.057 INFO  TRRACS -Thread Safe WebDriver Instance is Set...
11:11:38.174 INFO  TRRACS -Successfully Launched Local:Chrome
11:11:57.625 INFO  TRRACS -T001_openBOEClosure : Test Case Passed
11:12:34.689 INFO  TRRACS -T008_RaiseBOEClosure : Test Case Failed
11:12:35.087 INFO  TRRACS -Test2 : Test Ends
13:23:41.278 INFO  TRRACS -Suite : Test Suite Begins
13:23:41.283 INFO  TRRACS -Gathering Configuration Properties...
13:23:41.285 INFO  TRRACS -Successfully Gathered Configuration Properties...
13:23:41.289 INFO  TRRACS -Test2 : Test Begins
13:23:41.289 INFO  TRRACS -Initialization Of Driver Factory Begins...
13:23:46.414 INFO  TRRACS -Thread Safe WebDriver Instance is Set...
13:23:46.534 INFO  TRRACS -Successfully Launched Local:Chrome
13:24:11.230 INFO  TRRACS -T001_openBOEClosure : Test Case Passed
13:24:21.857 INFO  TRRACS -T008_RaiseBOEClosure : Test Case Failed
13:24:22.291 INFO  TRRACS -Test2 : Test Ends
13:24:42.102 INFO  TRRACS -Suite : Test Suite Begins
13:24:42.106 INFO  TRRACS -Gathering Configuration Properties...
13:24:42.109 INFO  TRRACS -Successfully Gathered Configuration Properties...
13:24:42.112 INFO  TRRACS -Test2 : Test Begins
13:24:42.112 INFO  TRRACS -Initialization Of Driver Factory Begins...
13:24:43.932 INFO  TRRACS -Thread Safe WebDriver Instance is Set...
13:24:44.052 INFO  TRRACS -Successfully Launched Local:Chrome
13:25:21.770 INFO  TRRACS -T001_openBOEClosure : Test Case Passed
13:25:58.914 INFO  TRRACS -T008_RaiseBOEClosure : Test Case Failed
13:25:59.305 INFO  TRRACS -Test2 : Test Ends
18:05:38.267 INFO  TRRACS -Suite : Test Suite Begins
18:05:38.282 INFO  TRRACS -Gathering Configuration Properties...
18:05:38.282 INFO  TRRACS -Successfully Gathered Configuration Properties...
18:05:38.282 INFO  TRRACS -Test2 : Test Begins
18:05:38.282 INFO  TRRACS -Initialization Of Driver Factory Begins...
18:05:42.609 INFO  TRRACS -Thread Safe WebDriver Instance is Set...
18:05:42.899 INFO  TRRACS -Successfully Launched Local:Chrome
18:07:25.032 INFO  TRRACS -Suite : Test Suite Begins
18:07:25.032 INFO  TRRACS -Gathering Configuration Properties...
18:07:25.032 INFO  TRRACS -Successfully Gathered Configuration Properties...
18:07:25.048 INFO  TRRACS -Test2 : Test Begins
18:07:25.048 INFO  TRRACS -Initialization Of Driver Factory Begins...
18:07:28.389 INFO  TRRACS -Thread Safe WebDriver Instance is Set...
18:07:28.511 INFO  TRRACS -Successfully Launched Local:Chrome
