18:56:13.639 INFO  TRRACS -Suite : Test Suite Begins
18:56:13.660 INFO  TRRACS -Gathering Configuration Properties...
18:56:13.662 INFO  TRRACS -Successfully Gathered Configuration Properties...
18:56:13.666 INFO  TRRACS -Test2 : Test Begins
18:56:13.666 INFO  TRRACS -Initialization Of Driver Factory Begins...
18:56:20.210 INFO  TRRACS -Thread Safe WebDriver Instance is Set...
18:56:20.395 INFO  TRRACS -Successfully Launched Local:Chrome
18:56:55.738 INFO  TRRACS -T001_openBOEClosure : Test Case Passed
18:57:10.926 INFO  TRRACS -T008_RaiseBOEClosure : Test Case Failed
18:57:10.929 INFO  TRRACS -T008_RaiseBOEClosure : Test Case Failed
18:57:10.967 INFO  TRRACS -Test2 : Test Ends
18:58:36.434 INFO  TRRACS -Suite : Test Suite Begins
18:58:38.053 INFO  TRRACS -Gathering Configuration Properties...
18:58:38.063 INFO  TRRACS -Successfully Gathered Configuration Properties...
18:58:39.797 INFO  TRRACS -Test2 : Test Begins
18:58:40.757 INFO  TRRACS -Initialization Of Driver Factory Begins...
18:58:46.362 INFO  TRRACS -Thread Safe WebDriver Instance is Set...
18:58:46.484 INFO  TRRACS -Successfully Launched Local:Chrome
18:59:28.465 INFO  TRRACS -T001_openBOEClosure : Test Case Passed
18:59:58.494 INFO  TRRACS -T008_RaiseBOEClosure : Test Case Failed
18:59:58.497 INFO  TRRACS -T008_RaiseBOEClosure : Test Case Failed
18:59:58.520 INFO  TRRACS -Test2 : Test Ends
19:03:14.998 INFO  TRRACS -Suite : Test Suite Begins
19:03:15.002 INFO  TRRACS -Gathering Configuration Properties...
19:03:15.004 INFO  TRRACS -Successfully Gathered Configuration Properties...
19:03:15.007 INFO  TRRACS -Test2 : Test Begins
19:03:15.008 INFO  TRRACS -Initialization Of Driver Factory Begins...
19:03:19.859 INFO  TRRACS -Thread Safe WebDriver Instance is Set...
19:03:19.979 INFO  TRRACS -Successfully Launched Local:Chrome
19:04:09.622 INFO  TRRACS -T001_openBOEClosure : Test Case Passed
19:04:46.669 INFO  TRRACS -T008_RaiseBOEClosure : Test Case Passed
19:04:46.679 INFO  TRRACS -Test2 : Test Ends
19:10:44.384 INFO  TRRACS -Suite : Test Suite Begins
19:10:44.389 INFO  TRRACS -Gathering Configuration Properties...
19:10:44.391 INFO  TRRACS -Successfully Gathered Configuration Properties...
19:10:44.394 INFO  TRRACS -Test2 : Test Begins
19:10:44.394 INFO  TRRACS -Initialization Of Driver Factory Begins...
19:10:45.922 INFO  TRRACS -Thread Safe WebDriver Instance is Set...
19:10:46.045 INFO  TRRACS -Successfully Launched Local:Chrome
19:11:18.371 INFO  TRRACS -T001_openBOEClosure : Test Case Passed
19:11:54.944 INFO  TRRACS -T008_RaiseBOEClosure : Test Case Passed
19:11:54.955 INFO  TRRACS -Test2 : Test Ends
19:13:47.679 INFO  TRRACS -Suite : Test Suite Begins
19:13:47.683 INFO  TRRACS -Gathering Configuration Properties...
19:13:47.685 INFO  TRRACS -Successfully Gathered Configuration Properties...
19:13:47.689 INFO  TRRACS -Test2 : Test Begins
19:13:47.689 INFO  TRRACS -Initialization Of Driver Factory Begins...
19:13:49.334 INFO  TRRACS -Thread Safe WebDriver Instance is Set...
19:13:49.451 INFO  TRRACS -Successfully Launched Local:Chrome
19:14:22.708 INFO  TRRACS -T001_openBOEClosure : Test Case Passed
19:14:59.344 INFO  TRRACS -T008_RaiseBOEClosure : Test Case Failed
19:14:59.346 INFO  TRRACS -T008_RaiseBOEClosure : Test Case Failed
19:14:59.358 INFO  TRRACS -Test2 : Test Ends
19:16:24.461 INFO  TRRACS -Suite : Test Suite Begins
19:16:24.466 INFO  TRRACS -Gathering Configuration Properties...
19:16:24.468 INFO  TRRACS -Successfully Gathered Configuration Properties...
19:16:24.471 INFO  TRRACS -Test2 : Test Begins
19:16:24.471 INFO  TRRACS -Initialization Of Driver Factory Begins...
19:16:26.078 INFO  TRRACS -Thread Safe WebDriver Instance is Set...
19:16:26.195 INFO  TRRACS -Successfully Launched Local:Chrome
19:16:55.812 INFO  TRRACS -T001_openBOEClosure : Test Case Passed
19:17:32.478 INFO  TRRACS -T008_RaiseBOEClosure : Test Case Failed
19:17:32.480 INFO  TRRACS -T008_RaiseBOEClosure : Test Case Failed
19:17:32.493 INFO  TRRACS -Test2 : Test Ends
19:20:01.779 INFO  TRRACS -Suite : Test Suite Begins
19:20:01.784 INFO  TRRACS -Gathering Configuration Properties...
19:20:01.785 INFO  TRRACS -Successfully Gathered Configuration Properties...
19:20:01.789 INFO  TRRACS -Test2 : Test Begins
19:20:01.789 INFO  TRRACS -Initialization Of Driver Factory Begins...
19:20:03.479 INFO  TRRACS -Thread Safe WebDriver Instance is Set...
19:20:03.600 INFO  TRRACS -Successfully Launched Local:Chrome
19:20:42.130 INFO  TRRACS -T001_openBOEClosure : Test Case Passed
19:20:42.138 INFO  TRRACS -T008_RaiseBOEClosure : Test Case Failed
19:20:42.141 INFO  TRRACS -T008_RaiseBOEClosure : Test Case Failed
19:20:42.162 INFO  TRRACS -Test2 : Test Ends
19:21:23.794 INFO  TRRACS -Suite : Test Suite Begins
19:21:23.798 INFO  TRRACS -Gathering Configuration Properties...
19:21:23.801 INFO  TRRACS -Successfully Gathered Configuration Properties...
19:21:23.804 INFO  TRRACS -Test2 : Test Begins
19:21:23.804 INFO  TRRACS -Initialization Of Driver Factory Begins...
19:21:26.012 INFO  TRRACS -Thread Safe WebDriver Instance is Set...
19:21:26.132 INFO  TRRACS -Successfully Launched Local:Chrome
19:22:13.719 INFO  TRRACS -T001_openBOEClosure : Test Case Passed
19:22:51.289 INFO  TRRACS -T008_RaiseBOEClosure : Test Case Failed
19:22:51.291 INFO  TRRACS -T008_RaiseBOEClosure : Test Case Failed
19:22:51.306 INFO  TRRACS -Test2 : Test Ends
19:25:55.363 INFO  TRRACS -Suite : Test Suite Begins
19:25:55.367 INFO  TRRACS -Gathering Configuration Properties...
19:25:55.369 INFO  TRRACS -Successfully Gathered Configuration Properties...
19:25:55.373 INFO  TRRACS -Test2 : Test Begins
19:25:55.373 INFO  TRRACS -Initialization Of Driver Factory Begins...
19:26:00.190 INFO  TRRACS -Thread Safe WebDriver Instance is Set...
19:26:00.314 INFO  TRRACS -Successfully Launched Local:Chrome
19:26:43.471 INFO  TRRACS -T001_openBOEClosure : Test Case Passed
19:27:33.758 INFO  TRRACS -T008_RaiseBOEClosure : Test Case Failed
19:27:33.759 INFO  TRRACS -T008_RaiseBOEClosure : Test Case Failed
19:27:33.772 INFO  TRRACS -Test2 : Test Ends
19:28:56.650 INFO  TRRACS -Suite : Test Suite Begins
19:28:56.655 INFO  TRRACS -Gathering Configuration Properties...
19:28:56.657 INFO  TRRACS -Successfully Gathered Configuration Properties...
19:28:56.660 INFO  TRRACS -Test2 : Test Begins
19:28:56.660 INFO  TRRACS -Initialization Of Driver Factory Begins...
19:29:00.586 INFO  TRRACS -Thread Safe WebDriver Instance is Set...
19:29:00.706 INFO  TRRACS -Successfully Launched Local:Chrome
19:29:21.458 INFO  TRRACS -T001_openBOEClosure : Test Case Passed
19:29:32.879 INFO  TRRACS -T008_RaiseBOEClosure : Test Case Failed
19:29:32.898 INFO  TRRACS -Test2 : Test Ends
19:36:18.489 INFO  TRRACS -Suite : Test Suite Begins
19:36:18.494 INFO  TRRACS -Gathering Configuration Properties...
19:36:18.496 INFO  TRRACS -Successfully Gathered Configuration Properties...
19:36:18.499 INFO  TRRACS -Test2 : Test Begins
19:36:18.499 INFO  TRRACS -Initialization Of Driver Factory Begins...
19:36:20.108 INFO  TRRACS -Thread Safe WebDriver Instance is Set...
19:36:20.232 INFO  TRRACS -Successfully Launched Local:Chrome
19:36:56.719 INFO  TRRACS -T001_openBOEClosure : Test Case Passed
19:37:33.463 INFO  TRRACS -T008_RaiseBOEClosure : Test Case Failed
19:37:33.475 INFO  TRRACS -Test2 : Test Ends
19:38:38.191 INFO  TRRACS -Suite : Test Suite Begins
19:38:38.196 INFO  TRRACS -Gathering Configuration Properties...
19:38:38.198 INFO  TRRACS -Successfully Gathered Configuration Properties...
19:38:38.201 INFO  TRRACS -Test2 : Test Begins
19:38:38.201 INFO  TRRACS -Initialization Of Driver Factory Begins...
19:38:39.854 INFO  TRRACS -Thread Safe WebDriver Instance is Set...
19:38:39.971 INFO  TRRACS -Successfully Launched Local:Chrome
19:39:12.453 INFO  TRRACS -T001_openBOEClosure : Test Case Passed
19:39:49.212 INFO  TRRACS -T008_RaiseBOEClosure : Test Case Failed
19:39:49.214 INFO  TRRACS -T008_RaiseBOEClosure : Test Case Failed
19:39:49.226 INFO  TRRACS -Test2 : Test Ends
19:42:12.584 INFO  TRRACS -Suite : Test Suite Begins
19:42:12.589 INFO  TRRACS -Gathering Configuration Properties...
19:42:12.591 INFO  TRRACS -Successfully Gathered Configuration Properties...
19:42:12.594 INFO  TRRACS -Test2 : Test Begins
19:42:12.595 INFO  TRRACS -Initialization Of Driver Factory Begins...
19:42:24.397 INFO  TRRACS -Thread Safe WebDriver Instance is Set...
19:42:24.519 INFO  TRRACS -Successfully Launched Local:Chrome
19:42:55.734 INFO  TRRACS -T001_openBOEClosure : Test Case Passed
19:43:32.510 INFO  TRRACS -T008_RaiseBOEClosure : Test Case Failed
19:43:32.513 INFO  TRRACS -T008_RaiseBOEClosure : Test Case Failed
19:43:32.526 INFO  TRRACS -Test2 : Test Ends
19:48:52.065 INFO  TRRACS -Suite : Test Suite Begins
19:48:52.070 INFO  TRRACS -Gathering Configuration Properties...
19:48:52.072 INFO  TRRACS -Successfully Gathered Configuration Properties...
19:48:52.075 INFO  TRRACS -Test2 : Test Begins
19:48:52.075 INFO  TRRACS -Initialization Of Driver Factory Begins...
19:48:54.148 INFO  TRRACS -Thread Safe WebDriver Instance is Set...
19:48:54.273 INFO  TRRACS -Successfully Launched Local:Chrome
19:49:36.876 INFO  TRRACS -T001_openBOEClosure : Test Case Passed
19:50:13.957 INFO  TRRACS -T008_RaiseBOEClosure : Test Case Failed
19:50:13.959 INFO  TRRACS -T008_RaiseBOEClosure : Test Case Failed
19:50:13.971 INFO  TRRACS -Test2 : Test Ends
19:53:26.073 INFO  TRRACS -Suite : Test Suite Begins
19:53:29.134 INFO  TRRACS -Gathering Configuration Properties...
19:53:29.144 INFO  TRRACS -Successfully Gathered Configuration Properties...
19:53:29.966 INFO  TRRACS -Test2 : Test Begins
19:53:30.598 INFO  TRRACS -Initialization Of Driver Factory Begins...
19:53:42.354 INFO  TRRACS -Thread Safe WebDriver Instance is Set...
19:53:42.471 INFO  TRRACS -Successfully Launched Local:Chrome
19:54:06.283 INFO  TRRACS -T001_openBOEClosure : Test Case Passed
19:54:52.950 INFO  TRRACS -T008_RaiseBOEClosure : Test Case Failed
19:56:41.091 INFO  TRRACS -T008_RaiseBOEClosure : Test Case Failed
19:56:54.514 INFO  TRRACS -Test2 : Test Ends
20:01:50.582 INFO  TRRACS -Suite : Test Suite Begins
20:01:50.586 INFO  TRRACS -Gathering Configuration Properties...
20:01:50.588 INFO  TRRACS -Successfully Gathered Configuration Properties...
20:01:50.592 INFO  TRRACS -Test2 : Test Begins
20:01:50.592 INFO  TRRACS -Initialization Of Driver Factory Begins...
20:01:52.246 INFO  TRRACS -Thread Safe WebDriver Instance is Set...
20:01:52.365 INFO  TRRACS -Successfully Launched Local:Chrome
20:02:20.916 INFO  TRRACS -T001_openBOEClosure : Test Case Passed
20:02:57.435 INFO  TRRACS -T008_RaiseBOEClosure : Test Case Failed
20:02:57.437 INFO  TRRACS -T008_RaiseBOEClosure : Test Case Failed
20:02:57.449 INFO  TRRACS -Test2 : Test Ends
20:07:25.859 INFO  TRRACS -Suite : Test Suite Begins
20:07:27.088 INFO  TRRACS -Gathering Configuration Properties...
20:07:27.096 INFO  TRRACS -Successfully Gathered Configuration Properties...
20:07:28.479 INFO  TRRACS -Test2 : Test Begins
20:07:29.296 INFO  TRRACS -Initialization Of Driver Factory Begins...
20:07:31.014 INFO  TRRACS -Thread Safe WebDriver Instance is Set...
20:07:31.130 INFO  TRRACS -Successfully Launched Local:Chrome
20:12:54.718 INFO  TRRACS -T001_openBOEClosure : Test Case Passed
20:14:41.640 INFO  TRRACS -T008_RaiseBOEClosure : Test Case Failed
20:14:43.583 INFO  TRRACS -T008_RaiseBOEClosure : Test Case Failed
20:14:44.962 INFO  TRRACS -Test2 : Test Ends
20:19:03.784 INFO  TRRACS -Suite : Test Suite Begins
20:19:03.788 INFO  TRRACS -Gathering Configuration Properties...
20:19:03.790 INFO  TRRACS -Successfully Gathered Configuration Properties...
20:19:03.793 INFO  TRRACS -Test2 : Test Begins
20:19:03.794 INFO  TRRACS -Initialization Of Driver Factory Begins...
20:19:05.464 INFO  TRRACS -Thread Safe WebDriver Instance is Set...
20:19:05.584 INFO  TRRACS -Successfully Launched Local:Chrome
20:19:32.304 INFO  TRRACS -T001_openBOEClosure : Test Case Passed
20:20:09.087 INFO  TRRACS -T008_RaiseBOEClosure : Test Case Failed
20:20:09.088 INFO  TRRACS -T008_RaiseBOEClosure : Test Case Failed
20:20:09.101 INFO  TRRACS -Test2 : Test Ends
