10:58:21.674 INFO  TRRACS -Suite : Test Suite Begins
10:58:21.684 INFO  TRRACS -Gathering Configuration Properties...
10:58:21.686 INFO  TRRACS -Successfully Gathered Configuration Properties...
10:58:21.771 INFO  TRRACS -BOEClosureTest : Test Begins
10:58:21.771 INFO  TRRACS -Initialization Of Driver Factory Begins...
10:58:23.396 INFO  TRRACS -Thread Safe WebDriver Instance is Set...
10:58:23.512 INFO  TRRACS -Successfully Launched Local:Chrome
10:58:32.966 INFO  TRRACS -BOEExtensionTest : Test Begins
10:58:32.966 INFO  TRRACS -Initialization Of Driver Factory Begins...
10:58:34.090 INFO  TRRACS -Thread Safe WebDriver Instance is Set...
10:58:34.204 INFO  TRRACS -Successfully Launched Local:Chrome
10:58:47.047 INFO  TRRACS -T001_openBOEClosure : Test Case Passed
10:58:47.055 INFO  TRRACS -T001_openBOEClosure : Test Case Failed
10:58:47.084 INFO  TRRACS -BOEClosureTest : Test Ends
10:58:54.448 INFO  TRRACS -T001_openBOEExtension : Test Case Passed
10:58:54.453 INFO  TRRACS -T001_openBOEExtension : Test Case Failed
10:58:54.472 INFO  TRRACS -BOEExtensionTest : Test Ends
11:04:22.955 INFO  TRRACS -Suite : Test Suite Begins
11:04:22.959 INFO  TRRACS -Gathering Configuration Properties...
11:04:22.961 INFO  TRRACS -Successfully Gathered Configuration Properties...
11:04:23.033 INFO  TRRACS -BOEExtensionTest : Test Begins
11:04:23.033 INFO  TRRACS -Initialization Of Driver Factory Begins...
11:04:24.619 INFO  TRRACS -Thread Safe WebDriver Instance is Set...
11:04:24.738 INFO  TRRACS -Successfully Launched Local:Chrome
11:04:39.625 INFO  TRRACS -BOEClosureTest : Test Begins
11:04:39.625 INFO  TRRACS -Initialization Of Driver Factory Begins...
11:04:40.674 INFO  TRRACS -Thread Safe WebDriver Instance is Set...
11:04:40.796 INFO  TRRACS -Successfully Launched Local:Chrome
11:04:59.796 INFO  TRRACS -T001_openBOEExtension : Test Case Passed
11:04:59.800 INFO  TRRACS -T001_openBOEExtension : Test Case Failed
11:04:59.815 INFO  TRRACS -BOEExtensionTest : Test Ends
11:05:12.195 INFO  TRRACS -T001_openBOEClosure : Test Case Passed
11:05:12.200 INFO  TRRACS -T001_openBOEClosure : Test Case Failed
11:05:12.220 INFO  TRRACS -BOEClosureTest : Test Ends
11:09:58.609 INFO  TRRACS -Suite : Test Suite Begins
11:09:58.614 INFO  TRRACS -Gathering Configuration Properties...
11:09:58.616 INFO  TRRACS -Successfully Gathered Configuration Properties...
11:09:58.690 INFO  TRRACS -BOEClosureTest : Test Begins
11:09:58.690 INFO  TRRACS -Initialization Of Driver Factory Begins...
11:10:00.364 INFO  TRRACS -Thread Safe WebDriver Instance is Set...
11:10:00.480 INFO  TRRACS -Successfully Launched Local:Chrome
11:10:09.598 INFO  TRRACS -BOEExtensionTest : Test Begins
11:10:09.598 INFO  TRRACS -Initialization Of Driver Factory Begins...
11:10:10.788 INFO  TRRACS -Thread Safe WebDriver Instance is Set...
11:10:10.914 INFO  TRRACS -Successfully Launched Local:Chrome
11:10:27.210 INFO  TRRACS -T001_openBOEClosure : Test Case Passed
11:10:27.220 INFO  TRRACS -T001_openBOEClosure : Test Case Failed
11:10:27.249 INFO  TRRACS -BOEClosureTest : Test Ends
11:10:31.732 INFO  TRRACS -T001_openBOEExtension : Test Case Passed
11:10:31.734 INFO  TRRACS -T001_openBOEExtension : Test Case Failed
11:10:31.741 INFO  TRRACS -BOEExtensionTest : Test Ends
11:18:08.635 INFO  TRRACS -Suite : Test Suite Begins
11:34:20.742 INFO  TRRACS -Gathering Configuration Properties...
11:34:20.820 INFO  TRRACS -Successfully Gathered Configuration Properties...
11:34:22.162 INFO  TRRACS -BOEExtensionTest : Test Begins
11:34:22.162 INFO  TRRACS -Initialization Of Driver Factory Begins...
11:34:59.330 INFO  TRRACS -Thread Safe WebDriver Instance is Set...
11:34:59.579 INFO  TRRACS -Successfully Launched Local:Chrome
11:35:13.282 INFO  TRRACS -BOEClosureTest : Test Begins
11:35:13.282 INFO  TRRACS -Initialization Of Driver Factory Begins...
11:35:16.463 INFO  TRRACS -Thread Safe WebDriver Instance is Set...
11:35:16.799 INFO  TRRACS -Successfully Launched Local:Chrome
11:37:20.262 INFO  TRRACS -T001_openBOEClosure : Test Case Failed
11:37:21.465 INFO  TRRACS -T001_openBOEExtension : Test Case Failed
11:37:22.214 INFO  TRRACS -T001_openBOEClosure : Test Case Failed
11:37:22.745 INFO  TRRACS -BOEClosureTest : Test Ends
11:37:23.058 INFO  TRRACS -T001_openBOEExtension : Test Case Failed
11:37:23.573 INFO  TRRACS -BOEExtensionTest : Test Ends
11:39:13.545 INFO  TRRACS -Suite : Test Suite Begins
11:39:13.545 INFO  TRRACS -Gathering Configuration Properties...
11:39:13.545 INFO  TRRACS -Successfully Gathered Configuration Properties...
11:39:13.623 INFO  TRRACS -BOEClosureTest : Test Begins
11:39:13.623 INFO  TRRACS -Initialization Of Driver Factory Begins...
11:39:15.146 INFO  TRRACS -Thread Safe WebDriver Instance is Set...
11:39:15.261 INFO  TRRACS -Successfully Launched Local:Chrome
11:39:29.817 INFO  TRRACS -BOEExtensionTest : Test Begins
11:39:29.817 INFO  TRRACS -Initialization Of Driver Factory Begins...
11:39:30.845 INFO  TRRACS -Thread Safe WebDriver Instance is Set...
11:39:30.963 INFO  TRRACS -Successfully Launched Local:Chrome
11:39:47.601 INFO  TRRACS -T001_openBOEClosure : Test Case Passed
11:39:47.612 INFO  TRRACS -T001_openBOEClosure : Test Case Failed
11:39:47.666 INFO  TRRACS -BOEClosureTest : Test Ends
11:40:08.078 INFO  TRRACS -T001_openBOEExtension : Test Case Passed
11:40:08.078 INFO  TRRACS -T001_openBOEExtension : Test Case Failed
11:40:08.094 INFO  TRRACS -BOEExtensionTest : Test Ends
12:34:04.225 INFO  TRRACS -Suite : Test Suite Begins
12:34:04.225 INFO  TRRACS -Gathering Configuration Properties...
12:34:04.225 INFO  TRRACS -Successfully Gathered Configuration Properties...
12:34:04.305 INFO  TRRACS -BOEExtensionTest : Test Begins
12:34:04.305 INFO  TRRACS -Initialization Of Driver Factory Begins...
12:34:06.503 INFO  TRRACS -Thread Safe WebDriver Instance is Set...
12:34:06.618 INFO  TRRACS -Successfully Launched Local:Chrome
12:34:20.397 INFO  TRRACS -BOEClosureTest : Test Begins
12:34:20.397 INFO  TRRACS -Initialization Of Driver Factory Begins...
12:34:21.659 INFO  TRRACS -Thread Safe WebDriver Instance is Set...
12:34:21.777 INFO  TRRACS -Successfully Launched Local:Chrome
12:34:40.580 INFO  TRRACS -T001_openBOEExtension : Test Case Passed
12:34:40.620 INFO  TRRACS -BOEExtensionTest : Test Ends
12:35:05.901 INFO  TRRACS -T001_openBOEClosure : Test Case Failed
12:35:06.718 INFO  TRRACS -BOEClosureTest : Test Ends
12:37:35.247 INFO  TRRACS -Suite : Test Suite Begins
12:37:35.252 INFO  TRRACS -Gathering Configuration Properties...
12:37:35.254 INFO  TRRACS -Successfully Gathered Configuration Properties...
12:37:35.326 INFO  TRRACS -BOEClosureTest : Test Begins
12:37:35.326 INFO  TRRACS -Initialization Of Driver Factory Begins...
12:37:36.913 INFO  TRRACS -Thread Safe WebDriver Instance is Set...
12:37:37.029 INFO  TRRACS -Successfully Launched Local:Chrome
12:37:49.969 INFO  TRRACS -BOEExtensionTest : Test Begins
12:37:49.969 INFO  TRRACS -Initialization Of Driver Factory Begins...
12:37:51.162 INFO  TRRACS -Thread Safe WebDriver Instance is Set...
12:37:51.281 INFO  TRRACS -Successfully Launched Local:Chrome
12:38:21.172 INFO  TRRACS -T001_openBOEClosure : Test Case Passed
12:38:21.184 INFO  TRRACS -T001_openBOEClosure : Test Case Failed
12:38:21.210 INFO  TRRACS -BOEClosureTest : Test Ends
12:38:41.102 INFO  TRRACS -T001_openBOEExtension : Test Case Passed
12:38:41.102 INFO  TRRACS -T001_openBOEExtension : Test Case Failed
12:38:41.112 INFO  TRRACS -BOEExtensionTest : Test Ends
12:39:37.263 INFO  TRRACS -Suite : Test Suite Begins
12:39:37.267 INFO  TRRACS -Gathering Configuration Properties...
12:39:37.269 INFO  TRRACS -Successfully Gathered Configuration Properties...
12:39:37.346 INFO  TRRACS -BOEClosureTest : Test Begins
12:39:37.346 INFO  TRRACS -Initialization Of Driver Factory Begins...
12:39:38.949 INFO  TRRACS -Thread Safe WebDriver Instance is Set...
12:39:39.071 INFO  TRRACS -Successfully Launched Local:Chrome
12:39:54.519 INFO  TRRACS -BOEExtensionTest : Test Begins
12:39:54.519 INFO  TRRACS -Initialization Of Driver Factory Begins...
12:39:55.585 INFO  TRRACS -Thread Safe WebDriver Instance is Set...
12:39:55.700 INFO  TRRACS -Successfully Launched Local:Chrome
12:40:19.872 INFO  TRRACS -T001_openBOEClosure : Test Case Passed
12:40:19.882 INFO  TRRACS -T001_openBOEClosure : Test Case Failed
12:40:19.919 INFO  TRRACS -BOEClosureTest : Test Ends
12:40:20.020 INFO  TRRACS -T001_openBOEExtension : Test Case Failed
12:40:20.027 INFO  TRRACS -T001_openBOEExtension : Test Case Failed
12:40:20.053 INFO  TRRACS -BOEExtensionTest : Test Ends
12:40:28.683 INFO  TRRACS -Suite : Test Suite Begins
12:40:28.688 INFO  TRRACS -Gathering Configuration Properties...
12:40:28.690 INFO  TRRACS -Successfully Gathered Configuration Properties...
12:40:28.769 INFO  TRRACS -BOEExtensionTest : Test Begins
12:40:28.769 INFO  TRRACS -Initialization Of Driver Factory Begins...
12:40:30.538 INFO  TRRACS -Thread Safe WebDriver Instance is Set...
12:40:30.665 INFO  TRRACS -Successfully Launched Local:Chrome
12:40:51.071 INFO  TRRACS -BOEClosureTest : Test Begins
12:40:51.071 INFO  TRRACS -Initialization Of Driver Factory Begins...
12:40:52.393 INFO  TRRACS -Thread Safe WebDriver Instance is Set...
12:40:52.512 INFO  TRRACS -Successfully Launched Local:Chrome
12:41:11.782 INFO  TRRACS -T001_openBOEExtension : Test Case Passed
12:41:11.793 INFO  TRRACS -T001_openBOEExtension : Test Case Failed
12:41:11.829 INFO  TRRACS -BOEExtensionTest : Test Ends
12:41:26.015 INFO  TRRACS -T001_openBOEClosure : Test Case Passed
12:41:26.019 INFO  TRRACS -T001_openBOEClosure : Test Case Failed
12:41:26.037 INFO  TRRACS -BOEClosureTest : Test Ends
12:46:44.159 INFO  TRRACS -Suite : Test Suite Begins
12:46:44.163 INFO  TRRACS -Gathering Configuration Properties...
12:46:44.165 INFO  TRRACS -Successfully Gathered Configuration Properties...
12:46:44.240 INFO  TRRACS -BOEExtensionTest : Test Begins
12:46:44.240 INFO  TRRACS -Initialization Of Driver Factory Begins...
12:46:45.955 INFO  TRRACS -Thread Safe WebDriver Instance is Set...
12:46:46.078 INFO  TRRACS -Successfully Launched Local:Chrome
12:47:00.263 INFO  TRRACS -BOEClosureTest : Test Begins
12:47:00.263 INFO  TRRACS -Initialization Of Driver Factory Begins...
12:47:01.525 INFO  TRRACS -Thread Safe WebDriver Instance is Set...
12:47:01.649 INFO  TRRACS -Successfully Launched Local:Chrome
12:47:19.345 INFO  TRRACS -T001_openBOEExtension : Test Case Passed
12:47:31.239 INFO  TRRACS -T001_openBOEClosure : Test Case Passed
12:47:32.122 INFO  TRRACS -T002_checkAutofillToDate : Test Case Passed
12:47:44.043 INFO  TRRACS -T002_checkAutofillToDate : Test Case Passed
12:47:44.805 INFO  TRRACS -T002_checkAutofillToDate : Test Case Passed
12:47:57.745 INFO  TRRACS -T003_searchByBOEnumber : Test Case Passed
12:47:58.926 INFO  TRRACS -T002_checkAutofillToDate : Test Case Passed
12:48:02.899 INFO  TRRACS -T004_checkAdCodeAutoDisable : Test Case Passed
12:48:07.082 INFO  TRRACS -T005_uploadBOEFile : Test Case Passed
12:48:11.744 INFO  TRRACS -T003_searchByBOEnumber : Test Case Passed
12:48:16.888 INFO  TRRACS -T004_checkAdCodeAutoDisable : Test Case Passed
12:48:21.017 INFO  TRRACS -T005_uploadBOEFile : Test Case Passed
12:48:24.508 INFO  TRRACS -T006_DownloadCSVFile : Test Case Passed
12:48:39.712 INFO  TRRACS -T006_DownloadCSVFile : Test Case Passed
12:48:47.865 INFO  TRRACS -T007_ViewBOE : Test Case Passed
12:49:00.399 INFO  TRRACS -T007_ViewBOE : Test Case Passed
12:49:26.327 INFO  TRRACS -T008_RaiseBOEExtension : Test Case Passed
12:49:37.832 INFO  TRRACS -T008_RaiseBOEClosure : Test Case Failed
12:49:38.213 INFO  TRRACS -BOEClosureTest : Test Ends
12:49:43.169 INFO  TRRACS -T009_cancelBOEExtension : Test Case Failed
12:49:43.178 INFO  TRRACS -BOEExtensionTest : Test Ends
15:00:29.619 INFO  TRRACS -Suite : Test Suite Begins
15:00:29.623 INFO  TRRACS -Gathering Configuration Properties...
15:00:29.625 INFO  TRRACS -Successfully Gathered Configuration Properties...
15:00:29.699 INFO  TRRACS -BOEClosureTest : Test Begins
15:00:29.700 INFO  TRRACS -Initialization Of Driver Factory Begins...
15:00:33.212 INFO  TRRACS -Thread Safe WebDriver Instance is Set...
15:00:33.341 INFO  TRRACS -Successfully Launched Local:Chrome
15:00:47.882 INFO  TRRACS -BOEExtensionTest : Test Begins
15:00:47.882 INFO  TRRACS -Initialization Of Driver Factory Begins...
15:00:49.164 INFO  TRRACS -Thread Safe WebDriver Instance is Set...
15:00:49.283 INFO  TRRACS -Successfully Launched Local:Chrome
15:01:13.882 INFO  TRRACS -T001_openBOEClosure : Test Case Passed
15:01:14.068 INFO  TRRACS -T001_openBOEExtension : Test Case Failed
15:01:14.901 INFO  TRRACS -T002_checkAutofillToDate : Test Case Passed
15:01:14.907 INFO  TRRACS -T002_checkAutofillToDate : Test Case Passed
15:01:14.949 INFO  TRRACS -T003_searchByBOEnumber : Test Case Failed
15:01:15.652 INFO  TRRACS -T004_checkAdCodeAutoDisable : Test Case Failed
15:01:16.317 INFO  TRRACS -T005_uploadBOEFile : Test Case Failed
15:01:17.016 INFO  TRRACS -T006_DownloadCSVFile : Test Case Failed
15:01:17.671 INFO  TRRACS -T007_ViewBOE : Test Case Failed
15:01:18.321 INFO  TRRACS -T008_RaiseBOEExtension : Test Case Failed
15:01:18.994 INFO  TRRACS -T009_cancelBOEExtension : Test Case Failed
15:01:19.637 INFO  TRRACS -BOEExtensionTest : Test Ends
15:01:28.765 INFO  TRRACS -T002_checkAutofillToDate : Test Case Passed
15:01:46.453 INFO  TRRACS -T002_checkAutofillToDate : Test Case Passed
15:01:59.215 INFO  TRRACS -T003_searchByBOEnumber : Test Case Passed
15:02:04.364 INFO  TRRACS -T004_checkAdCodeAutoDisable : Test Case Passed
15:02:08.579 INFO  TRRACS -T005_uploadBOEFile : Test Case Passed
15:02:43.053 INFO  TRRACS -T006_DownloadCSVFile : Test Case Passed
15:03:06.955 INFO  TRRACS -T007_ViewBOE : Test Case Passed
15:03:43.164 INFO  TRRACS -T008_RaiseBOEClosure : Test Case Failed
15:03:43.172 INFO  TRRACS -BOEClosureTest : Test Ends
15:11:18.135 INFO  TRRACS -Suite : Test Suite Begins
15:11:18.140 INFO  TRRACS -Gathering Configuration Properties...
15:11:18.142 INFO  TRRACS -Successfully Gathered Configuration Properties...
15:11:18.215 INFO  TRRACS -BOEClosureTest : Test Begins
15:11:18.215 INFO  TRRACS -Initialization Of Driver Factory Begins...
15:11:19.866 INFO  TRRACS -Thread Safe WebDriver Instance is Set...
15:11:19.988 INFO  TRRACS -Successfully Launched Local:Chrome
15:12:02.326 INFO  TRRACS -T001_openBOEClosure : Test Case Passed
15:12:15.445 INFO  TRRACS -T002_checkAutofillToDate : Test Case Passed
15:12:30.628 INFO  TRRACS -T002_checkAutofillToDate : Test Case Passed
15:12:43.788 INFO  TRRACS -T003_searchByBOEnumber : Test Case Passed
15:12:49.340 INFO  TRRACS -T004_checkAdCodeAutoDisable : Test Case Passed
15:12:53.758 INFO  TRRACS -T005_uploadBOEFile : Test Case Passed
15:13:11.531 INFO  TRRACS -T006_DownloadCSVFile : Test Case Passed
15:13:32.185 INFO  TRRACS -T007_ViewBOE : Test Case Passed
15:14:08.461 INFO  TRRACS -T008_RaiseBOEClosure : Test Case Failed
15:14:09.147 INFO  TRRACS -BOEClosureTest : Test Ends
15:16:36.146 INFO  TRRACS -Suite : Test Suite Begins
15:16:36.150 INFO  TRRACS -Gathering Configuration Properties...
15:16:36.152 INFO  TRRACS -Successfully Gathered Configuration Properties...
15:16:36.233 INFO  TRRACS -BOEExtensionTest : Test Begins
15:16:36.234 INFO  TRRACS -Initialization Of Driver Factory Begins...
15:16:37.973 INFO  TRRACS -Thread Safe WebDriver Instance is Set...
15:16:38.097 INFO  TRRACS -Successfully Launched Local:Chrome
15:16:58.534 INFO  TRRACS -BOEClosureTest : Test Begins
15:16:58.534 INFO  TRRACS -Initialization Of Driver Factory Begins...
15:16:59.716 INFO  TRRACS -Thread Safe WebDriver Instance is Set...
15:16:59.840 INFO  TRRACS -Successfully Launched Local:Chrome
15:17:15.340 INFO  TRRACS -T001_openBOEExtension : Test Case Passed
15:17:16.159 INFO  TRRACS -BOEExtensionTest : Test Ends
15:17:34.855 INFO  TRRACS -T001_openBOEClosure : Test Case Passed
15:17:35.219 INFO  TRRACS -BOEClosureTest : Test Ends
15:29:28.575 INFO  TRRACS -Suite : Test Suite Begins
15:29:28.579 INFO  TRRACS -Gathering Configuration Properties...
15:29:28.581 INFO  TRRACS -Successfully Gathered Configuration Properties...
15:29:28.656 INFO  TRRACS -BOEExtensionTest : Test Begins
15:29:28.656 INFO  TRRACS -Initialization Of Driver Factory Begins...
15:29:30.242 INFO  TRRACS -Thread Safe WebDriver Instance is Set...
15:29:30.358 INFO  TRRACS -Successfully Launched Local:Chrome
15:29:43.598 INFO  TRRACS -BOEClosureTest : Test Begins
15:29:43.598 INFO  TRRACS -Initialization Of Driver Factory Begins...
15:29:45.037 INFO  TRRACS -Thread Safe WebDriver Instance is Set...
15:29:45.182 INFO  TRRACS -Successfully Launched Local:Chrome
15:30:04.043 INFO  TRRACS -T001_openBOEExtension : Test Case Passed
15:30:04.400 INFO  TRRACS -BOEExtensionTest : Test Ends
15:30:21.349 INFO  TRRACS -T001_openBOEClosure : Test Case Passed
15:30:21.670 INFO  TRRACS -BOEClosureTest : Test Ends
15:45:08.257 INFO  TRRACS -Suite : Test Suite Begins
15:45:08.261 INFO  TRRACS -Gathering Configuration Properties...
15:45:08.263 INFO  TRRACS -Successfully Gathered Configuration Properties...
15:45:08.336 INFO  TRRACS -BOEExtensionTest : Test Begins
15:45:08.336 INFO  TRRACS -Initialization Of Driver Factory Begins...
15:45:09.928 INFO  TRRACS -Thread Safe WebDriver Instance is Set...
15:45:10.044 INFO  TRRACS -Successfully Launched Local:Chrome
15:45:28.861 INFO  TRRACS -BOEClosureTest : Test Begins
15:45:28.861 INFO  TRRACS -Initialization Of Driver Factory Begins...
15:45:29.994 INFO  TRRACS -Thread Safe WebDriver Instance is Set...
15:45:30.107 INFO  TRRACS -Successfully Launched Local:Chrome
15:45:49.240 INFO  TRRACS -T001_openBOEExtension : Test Case Passed
15:45:50.117 INFO  TRRACS -BOEExtensionTest : Test Ends
15:46:08.445 INFO  TRRACS -T001_openBOEClosure : Test Case Passed
15:46:08.796 INFO  TRRACS -BOEClosureTest : Test Ends
15:50:09.408 INFO  TRRACS -Suite : Test Suite Begins
15:50:09.412 INFO  TRRACS -Gathering Configuration Properties...
15:50:09.414 INFO  TRRACS -Successfully Gathered Configuration Properties...
15:50:09.491 INFO  TRRACS -BOEClosureTest : Test Begins
15:50:09.491 INFO  TRRACS -Initialization Of Driver Factory Begins...
15:50:09.491 INFO  TRRACS -BOEExtensionTest : Test Begins
15:50:09.491 INFO  TRRACS -Initialization Of Driver Factory Begins...
15:50:11.409 INFO  TRRACS -Thread Safe WebDriver Instance is Set...
15:50:11.463 INFO  TRRACS -Thread Safe WebDriver Instance is Set...
15:50:11.594 INFO  TRRACS -Successfully Launched Local:Chrome
15:50:11.636 INFO  TRRACS -Successfully Launched Local:Chrome
15:50:49.684 INFO  TRRACS -T001_openBOEClosure : Test Case Passed
15:50:50.046 INFO  TRRACS -BOEClosureTest : Test Ends
15:50:52.948 INFO  TRRACS -T001_openBOEExtension : Test Case Passed
15:50:53.276 INFO  TRRACS -BOEExtensionTest : Test Ends
16:00:00.485 INFO  TRRACS -Suite : Test Suite Begins
16:00:00.489 INFO  TRRACS -Gathering Configuration Properties...
16:00:00.491 INFO  TRRACS -Successfully Gathered Configuration Properties...
16:00:00.566 INFO  TRRACS -BOEExtensionTest : Test Begins
16:00:00.566 INFO  TRRACS -Initialization Of Driver Factory Begins...
16:00:00.567 INFO  TRRACS -BOEClosureTest : Test Begins
16:00:00.567 INFO  TRRACS -Initialization Of Driver Factory Begins...
16:00:02.413 INFO  TRRACS -Thread Safe WebDriver Instance is Set...
16:00:02.606 INFO  TRRACS -Thread Safe WebDriver Instance is Set...
16:00:02.612 INFO  TRRACS -Successfully Launched Local:Chrome
16:00:02.726 INFO  TRRACS -Successfully Launched Local:Chrome
16:00:18.000 INFO  TRRACS -T001_openBOEExtension : Test Case Failed
16:00:18.863 INFO  TRRACS -T001_openBOEExtension : Test Case Failed
16:00:19.661 INFO  TRRACS -BOEExtensionTest : Test Ends
16:00:24.648 INFO  TRRACS -T001_openBOEClosure : Test Case Failed
16:00:24.657 INFO  TRRACS -BOEClosureTest : Test Ends
16:01:36.716 INFO  TRRACS -Suite : Test Suite Begins
16:01:36.721 INFO  TRRACS -Gathering Configuration Properties...
16:01:36.723 INFO  TRRACS -Successfully Gathered Configuration Properties...
16:01:36.803 INFO  TRRACS -BOEClosureTest : Test Begins
16:01:36.803 INFO  TRRACS -Initialization Of Driver Factory Begins...
16:01:36.803 INFO  TRRACS -BOEExtensionTest : Test Begins
16:01:36.803 INFO  TRRACS -Initialization Of Driver Factory Begins...
16:01:38.742 INFO  TRRACS -Thread Safe WebDriver Instance is Set...
16:01:38.865 INFO  TRRACS -Thread Safe WebDriver Instance is Set...
16:01:38.895 INFO  TRRACS -Successfully Launched Local:Chrome
16:01:38.984 INFO  TRRACS -Successfully Launched Local:Chrome
16:02:12.304 INFO  TRRACS -T001_openBOEExtension : Test Case Passed
16:02:13.807 INFO  TRRACS -T001_openBOEExtension : Test Case Failed
16:02:14.169 INFO  TRRACS -BOEExtensionTest : Test Ends
16:02:28.501 INFO  TRRACS -T001_openBOEClosure : Test Case Passed
16:02:28.820 INFO  TRRACS -T001_openBOEClosure : Test Case Failed
16:02:29.139 INFO  TRRACS -BOEClosureTest : Test Ends
16:03:16.243 INFO  TRRACS -Suite : Test Suite Begins
16:03:16.248 INFO  TRRACS -Gathering Configuration Properties...
16:03:16.250 INFO  TRRACS -Successfully Gathered Configuration Properties...
16:03:16.328 INFO  TRRACS -BOEExtensionTest : Test Begins
16:03:16.328 INFO  TRRACS -Initialization Of Driver Factory Begins...
16:03:16.328 INFO  TRRACS -BOEClosureTest : Test Begins
16:03:16.328 INFO  TRRACS -Initialization Of Driver Factory Begins...
16:03:18.218 INFO  TRRACS -Thread Safe WebDriver Instance is Set...
16:03:18.286 INFO  TRRACS -Thread Safe WebDriver Instance is Set...
16:03:18.344 INFO  TRRACS -Successfully Launched Local:Chrome
16:03:18.406 INFO  TRRACS -Successfully Launched Local:Chrome
16:03:59.417 INFO  TRRACS -T001_openBOEExtension : Test Case Passed
16:04:00.787 INFO  TRRACS -BOEExtensionTest : Test Ends
16:04:08.486 INFO  TRRACS -T001_openBOEClosure : Test Case Passed
16:04:08.852 INFO  TRRACS -BOEClosureTest : Test Ends
16:08:55.521 INFO  TRRACS -Suite : Test Suite Begins
16:08:55.526 INFO  TRRACS -Gathering Configuration Properties...
16:08:55.527 INFO  TRRACS -Successfully Gathered Configuration Properties...
16:08:55.605 INFO  TRRACS -BOEExtensionTest : Test Begins
16:08:55.605 INFO  TRRACS -Initialization Of Driver Factory Begins...
16:08:55.606 INFO  TRRACS -BOEClosureTest : Test Begins
16:08:55.606 INFO  TRRACS -Initialization Of Driver Factory Begins...
16:08:57.550 INFO  TRRACS -Thread Safe WebDriver Instance is Set...
16:08:57.585 INFO  TRRACS -Thread Safe WebDriver Instance is Set...
16:08:57.692 INFO  TRRACS -Successfully Launched Local:Chrome
16:08:57.739 INFO  TRRACS -Successfully Launched Local:Chrome
16:09:29.466 INFO  TRRACS -T001_openBOEExtension : Test Case Passed
16:09:29.822 INFO  TRRACS -BOEExtensionTest : Test Ends
16:09:55.924 INFO  TRRACS -T001_openBOEClosure : Test Case Passed
16:09:55.944 INFO  TRRACS -BOEClosureTest : Test Ends
16:13:44.383 INFO  TRRACS -Suite : Test Suite Begins
16:13:44.388 INFO  TRRACS -Gathering Configuration Properties...
16:13:44.390 INFO  TRRACS -Successfully Gathered Configuration Properties...
16:13:44.468 INFO  TRRACS -BOEClosureTest : Test Begins
16:13:44.468 INFO  TRRACS -Initialization Of Driver Factory Begins...
16:13:46.112 INFO  TRRACS -Thread Safe WebDriver Instance is Set...
16:13:46.230 INFO  TRRACS -Successfully Launched Local:Chrome
16:14:16.862 INFO  TRRACS -T001_openBOEClosure : Test Case Passed
16:14:17.207 INFO  TRRACS -BOEClosureTest : Test Ends
17:31:00.903 INFO  TRRACS -Suite : Test Suite Begins
17:31:00.907 INFO  TRRACS -Gathering Configuration Properties...
17:31:00.909 INFO  TRRACS -Successfully Gathered Configuration Properties...
17:31:00.985 INFO  TRRACS -BOEExtensionTest : Test Begins
17:31:00.985 INFO  TRRACS -Initialization Of Driver Factory Begins...
17:31:00.986 INFO  TRRACS -BOEClosureTest : Test Begins
17:31:00.986 INFO  TRRACS -Initialization Of Driver Factory Begins...
17:31:02.825 INFO  TRRACS -Thread Safe WebDriver Instance is Set...
17:31:02.989 INFO  TRRACS -Successfully Launched Local:Chrome
17:31:02.990 INFO  TRRACS -Thread Safe WebDriver Instance is Set...
17:31:03.149 INFO  TRRACS -Successfully Launched Local:Chrome
17:31:27.191 INFO  TRRACS -T001_openBOEClosure : Test Case Failed
17:31:27.522 INFO  TRRACS -BOEClosureTest : Test Ends
17:31:41.759 INFO  TRRACS -T001_openBOEExtension : Test Case Passed
17:31:42.112 INFO  TRRACS -BOEExtensionTest : Test Ends
17:32:50.069 INFO  TRRACS -Suite : Test Suite Begins
17:32:50.073 INFO  TRRACS -Gathering Configuration Properties...
17:32:50.075 INFO  TRRACS -Successfully Gathered Configuration Properties...
17:32:50.147 INFO  TRRACS -BOEExtensionTest : Test Begins
17:32:50.148 INFO  TRRACS -Initialization Of Driver Factory Begins...
17:32:50.148 INFO  TRRACS -BOEClosureTest : Test Begins
17:32:50.148 INFO  TRRACS -Initialization Of Driver Factory Begins...
17:32:52.035 INFO  TRRACS -Thread Safe WebDriver Instance is Set...
17:32:52.085 INFO  TRRACS -Thread Safe WebDriver Instance is Set...
17:32:52.194 INFO  TRRACS -Successfully Launched Local:Chrome
17:32:52.236 INFO  TRRACS -Successfully Launched Local:Chrome
17:33:29.298 INFO  TRRACS -T001_openBOEExtension : Test Case Passed
17:33:29.690 INFO  TRRACS -BOEExtensionTest : Test Ends
17:33:33.552 INFO  TRRACS -T001_openBOEClosure : Test Case Passed
17:33:33.944 INFO  TRRACS -BOEClosureTest : Test Ends
