17:07:00.547 INFO  TRRACS -Suite : Test Suite Begins
17:07:00.563 INFO  TRRACS -Gathering Configuration Properties...
17:07:00.594 INFO  TRRACS -Successfully Gathered Configuration Properties...
17:07:00.625 INFO  TRRACS -BOE Test : Test Begins
17:07:00.625 INFO  TRRACS -Initialization Of Driver Factory Begins...
17:07:06.688 INFO  TRRACS -Thread Safe WebDriver Instance is Set...
17:07:07.037 INFO  TRRACS -Successfully Launched Local:Chrome
17:07:21.109 INFO  TRRACS -T001_openBOEExtension : Test Case Skipped
17:07:21.109 INFO  TRRACS -T002_checkAutofillToDate : Test Case Passed
17:07:21.109 INFO  TRRACS -T003_searchByBOEnumber : Test Case Failed
17:07:21.996 INFO  TRRACS -T004_checkAdCodeAutoDisable : Test Case Failed
17:07:22.799 INFO  TRRACS -T005_uploadBOEFile : Test Case Failed
17:07:23.605 INFO  TRRACS -T006_DownloadCSVFile : Test Case Failed
17:07:24.372 INFO  TRRACS -T007_ViewBOE : Test Case Failed
17:07:25.178 INFO  TRRACS -T008_RaiseBOEExtension : Test Case Failed
17:07:25.962 INFO  TRRACS -T009_cancelBOEExtension : Test Case Failed
17:07:26.748 INFO  TRRACS -BOE Test : Test Ends
17:09:02.901 INFO  TRRACS -Suite : Test Suite Begins
17:09:02.901 INFO  TRRACS -Gathering Configuration Properties...
17:09:02.901 INFO  TRRACS -Successfully Gathered Configuration Properties...
17:09:02.901 INFO  TRRACS -BOE Test : Test Begins
17:09:02.901 INFO  TRRACS -Initialization Of Driver Factory Begins...
17:09:04.516 INFO  TRRACS -Thread Safe WebDriver Instance is Set...
17:09:04.636 INFO  TRRACS -Successfully Launched Local:Chrome
17:09:20.373 INFO  TRRACS -T001_openBOEExtension : Test Case Skipped
17:09:20.389 INFO  TRRACS -T002_checkAutofillToDate : Test Case Passed
17:09:20.393 INFO  TRRACS -T003_searchByBOEnumber : Test Case Failed
17:09:21.242 INFO  TRRACS -T004_checkAdCodeAutoDisable : Test Case Failed
17:09:22.053 INFO  TRRACS -T005_uploadBOEFile : Test Case Failed
17:09:22.824 INFO  TRRACS -T006_DownloadCSVFile : Test Case Failed
17:09:23.615 INFO  TRRACS -T007_ViewBOE : Test Case Failed
17:09:24.384 INFO  TRRACS -T008_RaiseBOEExtension : Test Case Failed
17:09:25.155 INFO  TRRACS -T009_cancelBOEExtension : Test Case Failed
17:09:25.937 INFO  TRRACS -BOE Test : Test Ends
17:12:42.633 INFO  TRRACS -Suite : Test Suite Begins
17:12:45.692 INFO  TRRACS -Gathering Configuration Properties...
17:12:45.739 INFO  TRRACS -Successfully Gathered Configuration Properties...
17:12:50.156 INFO  TRRACS -BOE Test : Test Begins
17:12:54.308 INFO  TRRACS -Initialization Of Driver Factory Begins...
17:13:33.819 INFO  TRRACS -Thread Safe WebDriver Instance is Set...
17:13:34.083 INFO  TRRACS -Successfully Launched Local:Chrome
17:13:45.763 INFO  TRRACS -T001_openBOEExtension : Test Case Skipped
17:13:45.997 INFO  TRRACS -BOE Test : Test Ends
17:15:30.411 INFO  TRRACS -Suite : Test Suite Begins
17:15:30.426 INFO  TRRACS -Gathering Configuration Properties...
17:15:30.426 INFO  TRRACS -Successfully Gathered Configuration Properties...
17:15:30.426 INFO  TRRACS -BOE Test : Test Begins
17:15:30.426 INFO  TRRACS -Initialization Of Driver Factory Begins...
17:15:31.941 INFO  TRRACS -Thread Safe WebDriver Instance is Set...
17:15:32.056 INFO  TRRACS -Successfully Launched Local:Chrome
17:15:53.083 INFO  TRRACS -T001_openBOEExtension : Test Case Passed
17:15:53.114 INFO  TRRACS -BOE Test : Test Ends
19:04:44.339 INFO  TRRACS -Suite : Test Suite Begins
19:04:44.355 INFO  TRRACS -Gathering Configuration Properties...
19:04:44.355 INFO  TRRACS -Successfully Gathered Configuration Properties...
19:04:44.355 INFO  TRRACS -BOE Test : Test Begins
19:04:44.355 INFO  TRRACS -Initialization Of Driver Factory Begins...
19:04:45.942 INFO  TRRACS -Thread Safe WebDriver Instance is Set...
19:04:46.065 INFO  TRRACS -Successfully Launched Local:Chrome
19:04:56.988 INFO  TRRACS -T001_openBOEExtension : Test Case Skipped
19:04:57.003 INFO  TRRACS -BOE Test : Test Ends
19:06:04.619 INFO  TRRACS -Suite : Test Suite Begins
19:06:04.634 INFO  TRRACS -Gathering Configuration Properties...
19:06:04.634 INFO  TRRACS -Successfully Gathered Configuration Properties...
19:06:04.634 INFO  TRRACS -BOE Test : Test Begins
19:06:04.634 INFO  TRRACS -Initialization Of Driver Factory Begins...
19:06:06.195 INFO  TRRACS -Thread Safe WebDriver Instance is Set...
19:06:06.317 INFO  TRRACS -Successfully Launched Local:Chrome
19:06:19.045 INFO  TRRACS -T001_openBOEExtension : Test Case Skipped
19:06:19.060 INFO  TRRACS -BOE Test : Test Ends
19:07:05.484 INFO  TRRACS -Suite : Test Suite Begins
19:07:05.484 INFO  TRRACS -Gathering Configuration Properties...
19:07:05.484 INFO  TRRACS -Successfully Gathered Configuration Properties...
19:07:05.484 INFO  TRRACS -BOE Test : Test Begins
19:07:05.484 INFO  TRRACS -Initialization Of Driver Factory Begins...
19:07:07.114 INFO  TRRACS -Thread Safe WebDriver Instance is Set...
19:07:07.234 INFO  TRRACS -Successfully Launched Local:Chrome
19:07:19.846 INFO  TRRACS -T001_openBOEExtension : Test Case Skipped
19:07:19.877 INFO  TRRACS -BOE Test : Test Ends
19:51:01.760 INFO  TRRACS -Suite : Test Suite Begins
19:51:01.775 INFO  TRRACS -Gathering Configuration Properties...
19:51:01.775 INFO  TRRACS -Successfully Gathered Configuration Properties...
19:51:01.775 INFO  TRRACS -BOE Test : Test Begins
19:51:01.775 INFO  TRRACS -Initialization Of Driver Factory Begins...
19:51:03.505 INFO  TRRACS -Thread Safe WebDriver Instance is Set...
19:51:03.620 INFO  TRRACS -Successfully Launched Local:Chrome
19:51:09.534 INFO  TRRACS -T001_openBOEExtension : Test Case Skipped
19:51:09.566 INFO  TRRACS -BOE Test : Test Ends
19:52:12.345 INFO  TRRACS -Suite : Test Suite Begins
19:52:12.345 INFO  TRRACS -Gathering Configuration Properties...
19:52:12.345 INFO  TRRACS -Successfully Gathered Configuration Properties...
19:52:12.345 INFO  TRRACS -BOE Test : Test Begins
19:52:12.345 INFO  TRRACS -Initialization Of Driver Factory Begins...
19:52:13.954 INFO  TRRACS -Thread Safe WebDriver Instance is Set...
19:52:14.071 INFO  TRRACS -Successfully Launched Local:Chrome
19:52:29.101 INFO  TRRACS -T001_openBOEExtension : Test Case Passed
19:52:29.132 INFO  TRRACS -BOE Test : Test Ends
19:53:04.509 INFO  TRRACS -Suite : Test Suite Begins
19:53:04.509 INFO  TRRACS -Gathering Configuration Properties...
19:53:04.509 INFO  TRRACS -Successfully Gathered Configuration Properties...
19:53:04.509 INFO  TRRACS -BOE Test : Test Begins
19:53:04.509 INFO  TRRACS -Initialization Of Driver Factory Begins...
19:53:06.152 INFO  TRRACS -Thread Safe WebDriver Instance is Set...
19:53:06.274 INFO  TRRACS -Successfully Launched Local:Chrome
19:53:29.475 INFO  TRRACS -T001_openBOEExtension : Test Case Passed
19:53:29.511 INFO  TRRACS -BOE Test : Test Ends
20:00:50.374 INFO  TRRACS -Suite : Test Suite Begins
20:00:50.374 INFO  TRRACS -Gathering Configuration Properties...
20:00:50.374 INFO  TRRACS -Successfully Gathered Configuration Properties...
20:00:50.374 INFO  TRRACS -BOE Test : Test Begins
20:00:50.374 INFO  TRRACS -Initialization Of Driver Factory Begins...
20:00:53.978 INFO  TRRACS -Thread Safe WebDriver Instance is Set...
20:00:54.102 INFO  TRRACS -Successfully Launched Local:Chrome
20:01:00.843 INFO  TRRACS -T001_openBOEExtension : Test Case Skipped
20:01:00.859 INFO  TRRACS -BOE Test : Test Ends
