13:19:54.844 INFO  TRRACS -Suite : Test Suite Begins
13:19:54.849 INFO  TRRACS -Gathering Configuration Properties...
13:19:54.851 INFO  TRRACS -Successfully Gathered Configuration Properties...
13:19:54.854 INFO  TRRACS -Test1 : Test Begins
13:19:54.854 INFO  TRRACS -Initialization Of Driver Factory Begins...
13:19:54.855 INFO  TRRACS -Test2 : Test Begins
13:19:54.855 INFO  TRRACS -Initialization Of Driver Factory Begins...
13:20:01.236 INFO  TRRACS -Thread Safe WebDriver Instance is Set...
13:20:01.236 INFO  TRRACS -Thread Safe WebDriver Instance is Set...
13:20:01.398 INFO  TRRACS -Successfully Launched Local:Chrome
13:20:01.401 INFO  TRRACS -Successfully Launched Local:Chrome
13:20:46.118 INFO  TRRACS -T001_openBOEClosure : Test Case Passed
13:20:46.122 INFO  TRRACS -T001_openBOEClosure : Test Case Ends
13:20:46.150 INFO  TRRACS -Test2 : Test Ends
13:20:54.381 INFO  TRRACS -T001_openBOEExtension : Test Case Passed
13:21:07.348 INFO  TRRACS -T002_checkAutofillToDate : Test Case Passed
13:21:20.355 INFO  TRRACS -T003_searchByBOEnumber : Test Case Passed
13:21:25.567 INFO  TRRACS -T004_checkAdCodeAutoDisable : Test Case Passed
13:21:29.783 INFO  TRRACS -T005_uploadBOEFile : Test Case Passed
13:21:47.361 INFO  TRRACS -T006_DownloadCSVFile : Test Case Passed
13:22:10.463 INFO  TRRACS -T007_ViewBOE : Test Case Passed
13:22:49.185 INFO  TRRACS -T008_RaiseBOEExtension : Test Case Passed
13:23:06.121 INFO  TRRACS -T009_cancelBOEExtension : Test Case Failed
13:23:06.125 INFO  TRRACS -T009_cancelBOEExtension : Test Case Failed
13:23:06.142 INFO  TRRACS -Test1 : Test Ends
15:53:02.395 INFO  TRRACS -Suite : Test Suite Begins
15:53:02.411 INFO  TRRACS -Gathering Configuration Properties...
15:53:02.414 INFO  TRRACS -Successfully Gathered Configuration Properties...
15:53:02.430 INFO  TRRACS -Test2 : Test Begins
15:53:02.430 INFO  TRRACS -Initialization Of Driver Factory Begins...
15:53:12.186 INFO  TRRACS -Thread Safe WebDriver Instance is Set...
15:53:12.381 INFO  TRRACS -Successfully Launched Local:Chrome
15:53:42.571 INFO  TRRACS -T001_openBOEClosure : Test Case Passed
15:53:55.216 INFO  TRRACS -T002_checkAutofillToDate : Test Case Passed
15:53:55.310 INFO  TRRACS -Test2 : Test Ends
16:35:21.070 INFO  TRRACS -Suite : Test Suite Begins
16:35:21.075 INFO  TRRACS -Gathering Configuration Properties...
16:35:21.077 INFO  TRRACS -Successfully Gathered Configuration Properties...
16:35:21.080 INFO  TRRACS -Test2 : Test Begins
16:35:21.080 INFO  TRRACS -Initialization Of Driver Factory Begins...
16:35:23.242 INFO  TRRACS -Thread Safe WebDriver Instance is Set...
16:35:23.359 INFO  TRRACS -Successfully Launched Local:Chrome
16:35:55.749 INFO  TRRACS -T001_openBOEClosure : Test Case Passed
16:36:08.533 INFO  TRRACS -T002_checkAutofillToDate : Test Case Passed
16:36:09.783 INFO  TRRACS -T003_searchByBOEnumber : Test Case Failed
16:36:09.787 INFO  TRRACS -T003_searchByBOEnumber : Test Case Failed
16:36:09.805 INFO  TRRACS -Test2 : Test Ends
16:37:03.976 INFO  TRRACS -Suite : Test Suite Begins
16:37:03.980 INFO  TRRACS -Gathering Configuration Properties...
16:37:03.982 INFO  TRRACS -Successfully Gathered Configuration Properties...
16:37:03.985 INFO  TRRACS -Test2 : Test Begins
16:37:03.986 INFO  TRRACS -Initialization Of Driver Factory Begins...
16:37:05.582 INFO  TRRACS -Thread Safe WebDriver Instance is Set...
16:37:05.698 INFO  TRRACS -Successfully Launched Local:Chrome
16:37:48.463 INFO  TRRACS -T001_openBOEClosure : Test Case Passed
16:38:01.028 INFO  TRRACS -T002_checkAutofillToDate : Test Case Passed
16:38:02.190 INFO  TRRACS -T003_searchByBOEnumber : Test Case Failed
16:38:02.192 INFO  TRRACS -T003_searchByBOEnumber : Test Case Failed
16:38:02.204 INFO  TRRACS -Test2 : Test Ends
16:38:48.498 INFO  TRRACS -Suite : Test Suite Begins
16:38:48.502 INFO  TRRACS -Gathering Configuration Properties...
16:38:48.504 INFO  TRRACS -Successfully Gathered Configuration Properties...
16:38:48.508 INFO  TRRACS -Test2 : Test Begins
16:38:48.508 INFO  TRRACS -Initialization Of Driver Factory Begins...
16:38:50.535 INFO  TRRACS -Thread Safe WebDriver Instance is Set...
16:38:50.726 INFO  TRRACS -Successfully Launched Local:Chrome
16:39:31.369 INFO  TRRACS -T001_openBOEClosure : Test Case Passed
16:39:44.076 INFO  TRRACS -T002_checkAutofillToDate : Test Case Passed
16:39:45.276 INFO  TRRACS -T003_searchByBOEnumber : Test Case Failed
16:39:45.278 INFO  TRRACS -T003_searchByBOEnumber : Test Case Failed
16:39:45.291 INFO  TRRACS -Test2 : Test Ends
16:46:08.496 INFO  TRRACS -Suite : Test Suite Begins
16:46:08.500 INFO  TRRACS -Gathering Configuration Properties...
16:46:08.502 INFO  TRRACS -Successfully Gathered Configuration Properties...
16:46:08.505 INFO  TRRACS -Test2 : Test Begins
16:46:08.505 INFO  TRRACS -Initialization Of Driver Factory Begins...
16:46:13.226 INFO  TRRACS -Thread Safe WebDriver Instance is Set...
16:46:13.343 INFO  TRRACS -Successfully Launched Local:Chrome
16:46:48.864 INFO  TRRACS -T001_openBOEClosure : Test Case Passed
16:47:01.705 INFO  TRRACS -T002_checkAutofillToDate : Test Case Passed
16:47:14.398 INFO  TRRACS -T003_searchByBOEnumber : Test Case Passed
16:47:19.569 INFO  TRRACS -T004_checkAdCodeAutoDisable : Test Case Passed
16:47:19.637 INFO  TRRACS -T005_uploadBOEFile : Test Case Passed
16:47:36.909 INFO  TRRACS -T006_DownloadCSVFile : Test Case Passed
16:47:53.558 INFO  TRRACS -T007_ViewBOE : Test Case Failed
16:47:53.561 INFO  TRRACS -T007_ViewBOE : Test Case Failed
16:47:53.586 INFO  TRRACS -Test2 : Test Ends
16:49:47.348 INFO  TRRACS -Suite : Test Suite Begins
16:49:47.352 INFO  TRRACS -Gathering Configuration Properties...
16:49:47.354 INFO  TRRACS -Successfully Gathered Configuration Properties...
16:49:47.358 INFO  TRRACS -Test2 : Test Begins
16:49:47.358 INFO  TRRACS -Initialization Of Driver Factory Begins...
16:49:48.916 INFO  TRRACS -Thread Safe WebDriver Instance is Set...
16:49:49.033 INFO  TRRACS -Successfully Launched Local:Chrome
16:50:25.932 INFO  TRRACS -T001_openBOEClosure : Test Case Passed
16:50:26.010 INFO  TRRACS -T005_uploadBOEFile : Test Case Passed
16:50:46.561 INFO  TRRACS -T006_DownloadCSVFile : Test Case Passed
16:51:03.228 INFO  TRRACS -T007_ViewBOE : Test Case Failed
16:51:03.233 INFO  TRRACS -T007_ViewBOE : Test Case Failed
16:51:03.264 INFO  TRRACS -Test2 : Test Ends
16:54:00.732 INFO  TRRACS -Suite : Test Suite Begins
16:54:00.736 INFO  TRRACS -Gathering Configuration Properties...
16:54:00.738 INFO  TRRACS -Successfully Gathered Configuration Properties...
16:54:00.741 INFO  TRRACS -Test2 : Test Begins
16:54:00.741 INFO  TRRACS -Initialization Of Driver Factory Begins...
16:54:05.510 INFO  TRRACS -Thread Safe WebDriver Instance is Set...
16:54:05.634 INFO  TRRACS -Successfully Launched Local:Chrome
16:54:35.098 INFO  TRRACS -T001_openBOEClosure : Test Case Passed
16:54:35.184 INFO  TRRACS -T005_uploadBOEFile : Test Case Passed
16:54:56.134 INFO  TRRACS -T006_DownloadCSVFile : Test Case Passed
16:55:12.839 INFO  TRRACS -T007_ViewBOE : Test Case Failed
16:55:12.841 INFO  TRRACS -T007_ViewBOE : Test Case Failed
16:55:12.854 INFO  TRRACS -Test2 : Test Ends
19:16:52.261 INFO  TRRACS -Suite : Test Suite Begins
19:16:52.265 INFO  TRRACS -Gathering Configuration Properties...
19:16:52.267 INFO  TRRACS -Successfully Gathered Configuration Properties...
19:16:52.270 INFO  TRRACS -Test2 : Test Begins
19:16:52.270 INFO  TRRACS -Initialization Of Driver Factory Begins...
19:16:53.869 INFO  TRRACS -Thread Safe WebDriver Instance is Set...
19:16:53.983 INFO  TRRACS -Successfully Launched Local:Chrome
19:17:24.441 INFO  TRRACS -T001_openBOEClosure : Test Case Passed
19:17:24.560 INFO  TRRACS -T005_uploadBOEFile : Test Case Passed
19:19:18.462 INFO  TRRACS -Suite : Test Suite Begins
19:19:18.467 INFO  TRRACS -Gathering Configuration Properties...
19:19:18.469 INFO  TRRACS -Successfully Gathered Configuration Properties...
19:19:18.472 INFO  TRRACS -Test2 : Test Begins
19:19:18.472 INFO  TRRACS -Initialization Of Driver Factory Begins...
19:19:21.569 INFO  TRRACS -Thread Safe WebDriver Instance is Set...
19:19:21.690 INFO  TRRACS -Successfully Launched Local:Chrome
19:19:43.708 INFO  TRRACS -T001_openBOEClosure : Test Case Passed
19:19:44.967 INFO  TRRACS -T005_uploadBOEFile : Test Case Passed
19:19:55.104 INFO  TRRACS -T006_DownloadCSVFile : Test Case Failed
19:19:55.106 INFO  TRRACS -T006_DownloadCSVFile : Test Case Failed
19:19:55.120 INFO  TRRACS -Test2 : Test Ends
19:20:05.967 INFO  TRRACS -Suite : Test Suite Begins
19:20:05.971 INFO  TRRACS -Gathering Configuration Properties...
19:20:05.973 INFO  TRRACS -Successfully Gathered Configuration Properties...
19:20:05.976 INFO  TRRACS -Test2 : Test Begins
19:20:05.976 INFO  TRRACS -Initialization Of Driver Factory Begins...
19:20:07.523 INFO  TRRACS -Thread Safe WebDriver Instance is Set...
19:20:07.637 INFO  TRRACS -Successfully Launched Local:Chrome
19:20:47.146 INFO  TRRACS -T001_openBOEClosure : Test Case Passed
19:20:51.238 INFO  TRRACS -T005_uploadBOEFile : Test Case Passed
19:21:07.345 INFO  TRRACS -T006_DownloadCSVFile : Test Case Passed
19:21:27.576 INFO  TRRACS -T007_ViewBOE : Test Case Failed
19:21:27.581 INFO  TRRACS -T007_ViewBOE : Test Case Failed
19:21:27.607 INFO  TRRACS -Test2 : Test Ends
