22:46:51.257 INFO  TRRACS -TRRACS : Test Suite Begins
22:46:51.267 INFO  TRRACS -Gathering Configuration Properties...
22:46:51.271 INFO  TRRACS -Successfully Gathered Configuration Properties...
22:46:51.327 INFO  TRRACS -TC_001 : Test Case Execution Begins
22:46:51.327 INFO  TRRACS -TC_005 : Test Case Execution Begins
22:46:51.327 INFO  TRRACS -Initialization Of Driver Factory Begins...
22:46:51.327 INFO  TRRACS -TC_004 : Test Case Execution Begins
22:46:51.327 INFO  TRRACS -TC_002 : Test Case Execution Begins
22:46:51.327 INFO  TRRACS -TC_006 : Test Case Execution Begins
22:46:51.327 INFO  TRRACS -Initialization Of Driver Factory Begins...
22:46:51.327 INFO  TRRACS -TC_003 : Test Case Execution Begins
22:46:51.327 INFO  TRRACS -Initialization Of Driver Factory Begins...
22:46:51.327 INFO  TRRACS -Initialization Of Driver Factory Begins...
22:46:51.328 INFO  TRRACS -Initialization Of Driver Factory Begins...
22:46:51.328 INFO  TRRACS -Initialization Of Driver Factory Begins...
22:46:55.312 INFO  TRRACS -Thread Safe WebDriver Instance is Set...
22:46:55.312 INFO  TRRACS -Thread Safe WebDriver Instance is Set...
22:46:55.402 INFO  TRRACS -Thread Safe WebDriver Instance is Set...
22:46:55.501 INFO  TRRACS -Thread Safe WebDriver Instance is Set...
22:46:55.590 INFO  TRRACS -Thread Safe WebDriver Instance is Set...
22:46:55.900 INFO  TRRACS -Successfully Launched Local:Chrome
22:46:55.905 INFO  TRRACS -Successfully Launched Local:Chrome
22:46:55.905 INFO  TRRACS -Successfully Launched Local:Chrome
22:46:55.906 INFO  TRRACS -Thread Safe WebDriver Instance is Set...
22:46:55.915 INFO  TRRACS -Successfully Launched Local:Chrome
22:46:56.302 INFO  TRRACS -Successfully Launched Local:Chrome
22:46:56.333 INFO  TRRACS -Successfully Launched Local:Chrome
22:47:07.644 INFO  TRRACS -TC_004 : Test Case Passed
22:47:07.870 INFO  TRRACS -TC_003 : Test Case Passed
22:47:08.299 INFO  TRRACS -TC_002 : Test Case Passed
22:47:08.588 INFO  TRRACS -TC_001 : Test Case Passed
22:47:09.013 INFO  TRRACS -TC_005 : Test Case Passed
22:47:09.318 INFO  TRRACS -TC_004 : Test Case Ends
22:47:09.325 INFO  TRRACS -TC_002 : Test Case Ends
22:47:09.338 INFO  TRRACS -TC_003 : Test Case Ends
22:47:09.455 INFO  TRRACS -TC_001 : Test Case Ends
22:47:09.825 INFO  TRRACS -TC_005 : Test Case Ends
22:47:27.929 INFO  TRRACS -TC_006 : Test Case Passed
22:47:28.913 INFO  TRRACS -TC_006 : Test Case Ends
