12:58:30.247 INFO  TRRACS -Suite : Test Suite Begins
12:58:30.266 INFO  TRRACS -Gathering Configuration Properties...
12:58:30.268 INFO  TRRACS -Successfully Gathered Configuration Properties...
12:58:30.343 INFO  TRRACS -BOEClosureTest : Test Begins
12:58:30.343 INFO  TRRACS -Initialization Of Driver Factory Begins...
12:58:30.343 INFO  TRRACS -BOEExtensionTest : Test Begins
12:58:30.343 INFO  TRRACS -Initialization Of Driver Factory Begins...
12:58:33.110 INFO  TRRACS -Thread Safe WebDriver Instance is Set...
12:58:33.206 INFO  TRRACS -Thread Safe WebDriver Instance is Set...
12:58:33.241 INFO  TRRACS -Successfully Launched Local:Chrome
12:58:33.321 INFO  TRRACS -Successfully Launched Local:Chrome
12:59:02.436 INFO  TRRACS -T001_openBOEClosure : Test Case Passed
12:59:02.802 INFO  TRRACS -BOEClosureTest : Test Ends
12:59:10.656 INFO  TRRACS -T001_openBOEExtension : Test Case Passed
12:59:11.023 INFO  TRRACS -BOEExtensionTest : Test Ends
13:01:48.058 INFO  TRRACS -Suite : Test Suite Begins
13:01:48.063 INFO  TRRACS -Gathering Configuration Properties...
13:01:48.065 INFO  TRRACS -Successfully Gathered Configuration Properties...
13:01:48.140 INFO  TRRACS -BOEExtensionTest : Test Begins
13:01:48.141 INFO  TRRACS -BOEClosureTest : Test Begins
13:01:48.141 INFO  TRRACS -Initialization Of Driver Factory Begins...
13:01:48.140 INFO  TRRACS -Initialization Of Driver Factory Begins...
13:01:50.294 INFO  TRRACS -Thread Safe WebDriver Instance is Set...
13:01:50.407 INFO  TRRACS -Thread Safe WebDriver Instance is Set...
13:01:50.481 INFO  TRRACS -Successfully Launched Local:Chrome
13:01:50.541 INFO  TRRACS -Successfully Launched Local:Chrome
13:02:01.114 INFO  TRRACS -T001_openBOEExtension : Test Case Failed
13:02:01.917 INFO  TRRACS -BOEExtensionTest : Test Ends
13:02:20.727 INFO  TRRACS -T001_openBOEClosure : Test Case Passed
13:02:21.433 INFO  TRRACS -BOEClosureTest : Test Ends
13:08:20.253 INFO  TRRACS -Suite : Test Suite Begins
13:08:20.258 INFO  TRRACS -Gathering Configuration Properties...
13:08:20.260 INFO  TRRACS -Successfully Gathered Configuration Properties...
13:08:20.345 INFO  TRRACS -BOEExtensionTest : Test Begins
13:08:20.345 INFO  TRRACS -Initialization Of Driver Factory Begins...
13:08:20.347 INFO  TRRACS -BOEClosureTest : Test Begins
13:08:20.347 INFO  TRRACS -Initialization Of Driver Factory Begins...
13:08:22.459 INFO  TRRACS -Thread Safe WebDriver Instance is Set...
13:08:22.503 INFO  TRRACS -Thread Safe WebDriver Instance is Set...
13:08:22.612 INFO  TRRACS -Successfully Launched Local:Chrome
13:08:22.632 INFO  TRRACS -Successfully Launched Local:Chrome
13:08:27.272 INFO  TRRACS -T001_openBOEExtension : Test Case Skipped
13:08:27.287 INFO  TRRACS -BOEExtensionTest : Test Ends
13:08:27.476 INFO  TRRACS -T001_openBOEClosure : Test Case Failed
13:10:34.704 INFO  TRRACS -BOEClosureTest : Test Ends
13:11:19.779 INFO  TRRACS -Suite : Test Suite Begins
13:11:19.785 INFO  TRRACS -Gathering Configuration Properties...
13:11:19.787 INFO  TRRACS -Successfully Gathered Configuration Properties...
13:11:19.876 INFO  TRRACS -BOEExtensionTest : Test Begins
13:11:19.876 INFO  TRRACS -Initialization Of Driver Factory Begins...
13:11:19.877 INFO  TRRACS -BOEClosureTest : Test Begins
13:11:19.877 INFO  TRRACS -Initialization Of Driver Factory Begins...
13:11:21.968 INFO  TRRACS -Thread Safe WebDriver Instance is Set...
13:11:21.968 INFO  TRRACS -Thread Safe WebDriver Instance is Set...
13:11:22.089 INFO  TRRACS -Successfully Launched Local:Chrome
13:11:22.089 INFO  TRRACS -Successfully Launched Local:Chrome
13:11:54.870 INFO  TRRACS -T001_openBOEExtension : Test Case Passed
13:12:00.322 INFO  TRRACS -T001_openBOEClosure : Test Case Passed
13:12:57.631 INFO  TRRACS -Suite : Test Suite Begins
13:12:57.636 INFO  TRRACS -Gathering Configuration Properties...
13:12:57.638 INFO  TRRACS -Successfully Gathered Configuration Properties...
13:12:57.714 INFO  TRRACS -BOEExtensionTest : Test Begins
13:12:57.714 INFO  TRRACS -Initialization Of Driver Factory Begins...
13:12:57.715 INFO  TRRACS -BOEClosureTest : Test Begins
13:12:57.715 INFO  TRRACS -Initialization Of Driver Factory Begins...
13:13:01.316 INFO  TRRACS -Thread Safe WebDriver Instance is Set...
13:13:01.337 INFO  TRRACS -Thread Safe WebDriver Instance is Set...
13:13:01.482 INFO  TRRACS -Successfully Launched Local:Chrome
13:13:01.482 INFO  TRRACS -Successfully Launched Local:Chrome
13:13:09.827 INFO  TRRACS -T001_openBOEClosure : Test Case Failed
13:13:09.854 INFO  TRRACS -BOEClosureTest : Test Ends
13:13:11.475 INFO  TRRACS -BOEExtensionTest : Test Ends
13:13:12.978 INFO  TRRACS -BOEClosureTest : Test Ends
13:13:57.718 INFO  TRRACS -T001_openBOEExtension : Test Case Passed
13:13:58.392 INFO  TRRACS -BOEExtensionTest : Test Ends
13:19:00.235 INFO  TRRACS -Suite : Test Suite Begins
13:19:00.239 INFO  TRRACS -Gathering Configuration Properties...
13:19:00.241 INFO  TRRACS -Successfully Gathered Configuration Properties...
13:19:00.317 INFO  TRRACS -BOEExtensionTest : Test Begins
13:19:00.317 INFO  TRRACS -Initialization Of Driver Factory Begins...
13:19:00.318 INFO  TRRACS -BOEClosureTest : Test Begins
13:19:00.318 INFO  TRRACS -Initialization Of Driver Factory Begins...
13:19:02.335 INFO  TRRACS -Thread Safe WebDriver Instance is Set...
13:19:02.348 INFO  TRRACS -Thread Safe WebDriver Instance is Set...
13:19:02.467 INFO  TRRACS -Successfully Launched Local:Chrome
13:19:02.517 INFO  TRRACS -Successfully Launched Local:Chrome
13:19:37.972 INFO  TRRACS -T001_openBOEExtension : Test Case Passed
13:19:38.602 INFO  TRRACS -T001_openBOEClosure : Test Case Passed
13:19:38.685 INFO  TRRACS -BOEExtensionTest : Test Ends
13:19:39.270 INFO  TRRACS -BOEClosureTest : Test Ends
14:54:23.059 INFO  TRRACS -Suite : Test Suite Begins
14:54:23.064 INFO  TRRACS -Gathering Configuration Properties...
14:54:23.068 INFO  TRRACS -Successfully Gathered Configuration Properties...
14:54:23.145 INFO  TRRACS -BOEExtensionTest : Test Begins
14:54:23.145 INFO  TRRACS -Initialization Of Driver Factory Begins...
14:54:23.145 INFO  TRRACS -BOEClosureTest : Test Begins
14:54:23.145 INFO  TRRACS -Initialization Of Driver Factory Begins...
14:54:25.567 INFO  TRRACS -Thread Safe WebDriver Instance is Set...
14:54:25.684 INFO  TRRACS -Thread Safe WebDriver Instance is Set...
14:54:25.708 INFO  TRRACS -Successfully Launched Local:Chrome
14:54:25.804 INFO  TRRACS -Successfully Launched Local:Chrome
14:54:49.981 INFO  TRRACS -T001_openBOEClosure : Test Case Failed
14:54:50.355 INFO  TRRACS -T002_checkAutofillToDate : Test Case Passed
14:54:50.359 INFO  TRRACS -T002_checkAutofillToDate : Test Case Passed
14:54:50.405 INFO  TRRACS -T003_searchByBOEnumber : Test Case Failed
14:54:50.757 INFO  TRRACS -T004_checkAdCodeAutoDisable : Test Case Failed
14:54:51.141 INFO  TRRACS -T005_uploadBOEFile : Test Case Failed
14:54:51.365 INFO  TRRACS -T006_DownloadCSVFile : Test Case Failed
14:54:51.502 INFO  TRRACS -T007_ViewBOE : Test Case Failed
14:54:51.546 INFO  TRRACS -T008_RaiseBOEClosure : Test Case Failed
14:54:51.575 INFO  TRRACS -BOEClosureTest : Test Ends
14:55:00.112 INFO  TRRACS -Suite : Test Suite Begins
14:55:00.116 INFO  TRRACS -Gathering Configuration Properties...
14:55:00.118 INFO  TRRACS -Successfully Gathered Configuration Properties...
14:55:00.194 INFO  TRRACS -BOEClosureTest : Test Begins
14:55:00.194 INFO  TRRACS -Initialization Of Driver Factory Begins...
14:55:00.194 INFO  TRRACS -BOEExtensionTest : Test Begins
14:55:00.194 INFO  TRRACS -Initialization Of Driver Factory Begins...
14:55:02.053 INFO  TRRACS -Thread Safe WebDriver Instance is Set...
14:55:02.193 INFO  TRRACS -Thread Safe WebDriver Instance is Set...
14:55:02.240 INFO  TRRACS -Successfully Launched Local:Chrome
14:55:02.312 INFO  TRRACS -Successfully Launched Local:Chrome
14:55:31.290 INFO  TRRACS -T001_openBOEClosure : Test Case Passed
14:55:44.119 INFO  TRRACS -T002_checkAutofillToDate : Test Case Passed
14:55:46.076 INFO  TRRACS -T001_openBOEExtension : Test Case Passed
14:55:58.808 INFO  TRRACS -T002_checkAutofillToDate : Test Case Passed
14:55:59.537 INFO  TRRACS -T002_checkAutofillToDate : Test Case Passed
14:56:11.441 INFO  TRRACS -T002_checkAutofillToDate : Test Case Passed
14:56:12.482 INFO  TRRACS -T003_searchByBOEnumber : Test Case Passed
14:56:17.681 INFO  TRRACS -T004_checkAdCodeAutoDisable : Test Case Passed
14:56:21.860 INFO  TRRACS -T005_uploadBOEFile : Test Case Passed
14:56:24.311 INFO  TRRACS -T003_searchByBOEnumber : Test Case Passed
14:56:29.476 INFO  TRRACS -T004_checkAdCodeAutoDisable : Test Case Passed
14:56:33.653 INFO  TRRACS -T005_uploadBOEFile : Test Case Passed
14:56:39.805 INFO  TRRACS -T006_DownloadCSVFile : Test Case Passed
14:56:50.874 INFO  TRRACS -T006_DownloadCSVFile : Test Case Passed
14:57:00.829 INFO  TRRACS -T007_ViewBOE : Test Case Passed
14:57:13.973 INFO  TRRACS -T007_ViewBOE : Test Case Passed
14:57:37.367 INFO  TRRACS -T008_RaiseBOEClosure : Test Case Failed
14:57:37.756 INFO  TRRACS -BOEClosureTest : Test Ends
14:57:52.370 INFO  TRRACS -T008_RaiseBOEExtension : Test Case Passed
14:58:09.299 INFO  TRRACS -T009_cancelBOEExtension : Test Case Failed
14:58:09.711 INFO  TRRACS -BOEExtensionTest : Test Ends
15:05:53.274 INFO  TRRACS -Suite : Test Suite Begins
15:05:53.278 INFO  TRRACS -Gathering Configuration Properties...
15:05:53.280 INFO  TRRACS -Successfully Gathered Configuration Properties...
15:05:53.353 INFO  TRRACS -BOEExtensionTest : Test Begins
15:05:53.353 INFO  TRRACS -Initialization Of Driver Factory Begins...
15:05:53.353 INFO  TRRACS -BOEClosureTest : Test Begins
15:05:53.354 INFO  TRRACS -Initialization Of Driver Factory Begins...
15:05:55.163 INFO  TRRACS -Thread Safe WebDriver Instance is Set...
15:05:55.327 INFO  TRRACS -Successfully Launched Local:Chrome
15:05:55.349 INFO  TRRACS -Thread Safe WebDriver Instance is Set...
15:05:55.493 INFO  TRRACS -Successfully Launched Local:Chrome
15:06:36.419 INFO  TRRACS -T001_openBOEExtension : Test Case Passed
15:06:44.395 INFO  TRRACS -T001_openBOEClosure : Test Case Passed
15:06:49.220 INFO  TRRACS -T002_checkAutofillToDate : Test Case Passed
15:06:57.283 INFO  TRRACS -T002_checkAutofillToDate : Test Case Passed
15:07:01.870 INFO  TRRACS -T002_checkAutofillToDate : Test Case Passed
15:07:12.148 INFO  TRRACS -T002_checkAutofillToDate : Test Case Passed
15:07:14.716 INFO  TRRACS -T003_searchByBOEnumber : Test Case Passed
15:07:19.888 INFO  TRRACS -T004_checkAdCodeAutoDisable : Test Case Passed
15:07:24.065 INFO  TRRACS -T005_uploadBOEFile : Test Case Passed
15:07:25.046 INFO  TRRACS -T003_searchByBOEnumber : Test Case Passed
15:07:30.243 INFO  TRRACS -T004_checkAdCodeAutoDisable : Test Case Passed
15:07:34.353 INFO  TRRACS -T005_uploadBOEFile : Test Case Passed
15:07:41.566 INFO  TRRACS -T006_DownloadCSVFile : Test Case Passed
15:07:51.880 INFO  TRRACS -T006_DownloadCSVFile : Test Case Passed
15:08:04.648 INFO  TRRACS -T007_ViewBOE : Test Case Passed
15:08:12.438 INFO  TRRACS -T007_ViewBOE : Test Case Passed
15:08:43.199 INFO  TRRACS -T008_RaiseBOEExtension : Test Case Passed
15:08:48.723 INFO  TRRACS -T008_RaiseBOEClosure : Test Case Failed
15:08:49.088 INFO  TRRACS -BOEClosureTest : Test Ends
15:09:24.966 INFO  TRRACS -T009_cancelBOEExtension : Test Case Passed
15:09:24.986 INFO  TRRACS -BOEExtensionTest : Test Ends
