09:51:54.789 INFO  TRRACS -API : Test Suite Begins
09:51:54.840 INFO  TRRACS -Gathering Configuration Properties...
09:51:54.881 INFO  TRRACS -Successfully Gathered Configuration Properties...
09:51:55.315 INFO  TRRACS -API Pattern : Test Begins
09:51:55.316 INFO  TRRACS -Initialization Of Driver Factory Begins...
09:52:07.533 INFO  TRRACS -Thread Safe WebDriver Instance is Set...
09:52:07.856 INFO  TRRACS -Successfully Launched Local:Firefox
09:52:21.617 INFO  TRRACS -testAPIWithJsonRequest : Test Case Failed
09:52:25.257 INFO  TRRACS -testAPIWithXMLRequest : Test Case Passed
09:52:25.292 INFO  TRRACS -API Pattern : Test Ends
09:54:55.714 INFO  TRRACS -API : Test Suite Begins
09:54:55.732 INFO  TRRACS -Gathering Configuration Properties...
09:54:55.759 INFO  TRRACS -Successfully Gathered Configuration Properties...
09:54:56.217 INFO  TRRACS -API Pattern : Test Begins
09:55:02.752 INFO  TRRACS -testAPIWithJsonRequest : Test Case Failed
09:55:02.771 INFO  TRRACS -testAPIWithJsonRequest : Test Case Failed
09:55:02.832 INFO  TRRACS -API Pattern : Test Ends
09:55:58.905 INFO  TRRACS -API : Test Suite Begins
09:55:58.919 INFO  TRRACS -Gathering Configuration Properties...
09:55:58.935 INFO  TRRACS -Successfully Gathered Configuration Properties...
09:55:59.083 INFO  TRRACS -API Pattern : Test Begins
09:56:04.928 INFO  TRRACS -testAPIWithJsonRequest : Test Case Failed
09:56:04.941 INFO  TRRACS -testAPIWithJsonRequest : Test Case Failed
09:56:04.982 INFO  TRRACS -API Pattern : Test Ends
09:58:44.687 INFO  TRRACS -API : Test Suite Begins
09:58:44.703 INFO  TRRACS -Gathering Configuration Properties...
09:58:44.727 INFO  TRRACS -Successfully Gathered Configuration Properties...
09:58:44.909 INFO  TRRACS -API Pattern : Test Begins
09:59:11.191 INFO  TRRACS -testAPIWithJsonRequest : Test Case Failed
10:08:21.306 INFO  TRRACS -testAPIWithJsonRequest : Test Case Failed
10:11:32.325 INFO  TRRACS -API : Test Suite Begins
10:11:32.339 INFO  TRRACS -Gathering Configuration Properties...
10:11:32.358 INFO  TRRACS -Successfully Gathered Configuration Properties...
10:11:32.535 INFO  TRRACS -API Pattern : Test Begins
10:12:49.696 INFO  TRRACS -testAPIWithJsonRequest : Test Case Failed
10:13:27.175 INFO  TRRACS -testAPIWithXMLRequest : Test Case Passed
10:13:27.206 INFO  TRRACS -API Pattern : Test Ends
10:33:11.707 INFO  TRRACS -API : Test Suite Begins
10:33:11.718 INFO  TRRACS -Gathering Configuration Properties...
10:33:11.733 INFO  TRRACS -Successfully Gathered Configuration Properties...
10:33:11.867 INFO  TRRACS -API Pattern : Test Begins
10:33:17.455 INFO  TRRACS -testAPIWithJsonRequest : Test Case Failed
10:33:19.344 INFO  TRRACS -testAPIWithXMLRequest : Test Case Passed
10:33:19.364 INFO  TRRACS -API Pattern : Test Ends
10:36:14.811 INFO  TRRACS -API : Test Suite Begins
10:36:14.829 INFO  TRRACS -Gathering Configuration Properties...
10:36:14.853 INFO  TRRACS -Successfully Gathered Configuration Properties...
10:36:15.074 INFO  TRRACS -API Pattern : Test Begins
10:36:15.075 INFO  TRRACS -Initialization Of Driver Factory Begins...
10:36:24.916 INFO  TRRACS -Thread Safe WebDriver Instance is Set...
10:36:25.237 INFO  TRRACS -Successfully Launched Local:Firefox
10:36:35.777 INFO  TRRACS -testAPIWithJsonRequest : Test Case Failed
10:36:38.823 INFO  TRRACS -testAPIWithXMLRequest : Test Case Passed
10:36:38.875 INFO  TRRACS -API Pattern : Test Ends
10:37:28.066 INFO  TRRACS -API : Test Suite Begins
10:37:28.093 INFO  TRRACS -Gathering Configuration Properties...
10:37:28.128 INFO  TRRACS -Successfully Gathered Configuration Properties...
10:37:28.474 INFO  TRRACS -API Pattern : Test Begins
10:37:34.674 INFO  TRRACS -testAPIWithJsonRequest : Test Case Failed
10:37:37.011 INFO  TRRACS -testAPIWithXMLRequest : Test Case Passed
10:37:37.048 INFO  TRRACS -API Pattern : Test Ends
17:05:59.238 INFO  TRRACS -API : Test Suite Begins
17:05:59.270 INFO  TRRACS -Gathering Configuration Properties...
17:05:59.305 INFO  TRRACS -Successfully Gathered Configuration Properties...
17:05:59.488 INFO  TRRACS -BOEClosureTest : Test Begins
17:06:02.176 INFO  TRRACS -testAPIWithJsonRequest : Test Case Failed
17:06:02.379 INFO  TRRACS -testAPIWithJsonRequest : Test Case Failed
17:06:02.882 INFO  TRRACS -testAPIWithXMLRequest : Test Case Failed
17:06:03.053 INFO  TRRACS -testAPIWithXMLRequest : Test Case Failed
17:06:03.133 INFO  TRRACS -testAPIWithXMLRequest : Test Case Failed
17:06:03.204 INFO  TRRACS -BOEClosureTest : Test Ends
